
 /----------------------------------------------------------------------------\
 |  yosys -- Yosys Open SYnthesis Suite                                       |
 |  Copyright (C) 2012 - 2026  Claire Xenia Wolf <claire@yosyshq.com>         |
 |  Distributed under an ISC-like license, type "license" to see terms        |
 \----------------------------------------------------------------------------/
 Yosys 0.64 (git sha1 d8dab5b32666564eca8e18f412973853ce006e61, clang++ 21.0.0 -fPIC -O3)

1. Executing Liberty frontend: /Users/rebeccagilbert-croysdale/.volare/volare/sky130/versions/0fe599b2afb6708d281543108caf8310912f54af/sky130A/libs.ref/sky130_fd_sc_hd/lib/sky130_fd_sc_hd__tt_025C_1v80.lib
Imported 428 cell types from liberty file.

2. Executing Verilog-2005 frontend: hdl/synth_top.sv
Parsing SystemVerilog input from `hdl/synth_top.sv' to AST representation.
Generating RTLIL representation for module `\compute_core'.
Successfully finished Verilog frontend.

3. Executing SYNTH pass.

3.1. Executing HIERARCHY pass (managing design hierarchy).

3.1.1. Analyzing design hierarchy..
Top module:  \compute_core

3.1.2. Analyzing design hierarchy..
Top module:  \compute_core
Removed 0 unused modules.

3.2. Executing PROC pass (convert processes to netlists).

3.2.1. Executing PROC_CLEAN pass (remove empty switches from decision trees).
Cleaned up 0 empty switches.

3.2.2. Executing PROC_RMDEAD pass (remove dead branches from decision trees).
Marked 2 switch rules as full_case in process $proc$hdl/synth_top.sv:84$265 in module compute_core.
Removed a total of 0 dead cases.

3.2.3. Executing PROC_PRUNE pass (remove redundant assignments in processes).
Removed 0 redundant assignments.
Promoted 2 assignments to connections.

3.2.4. Executing PROC_INIT pass (extract init attributes).

3.2.5. Executing PROC_ARST pass (detect async resets in processes).

3.2.6. Executing PROC_ROM pass (convert switches to ROMs).
Converted 0 switches.
<suppressed ~3 debug messages>

3.2.7. Executing PROC_MUX pass (convert decision trees to multiplexers).
Creating decoders for process `\compute_core.$proc$hdl/synth_top.sv:84$265'.
     1/1: $0\accum_out[31:0]
Creating decoders for process `\compute_core.$proc$hdl/synth_top.sv:74$5'.

3.2.8. Executing PROC_DLATCH pass (convert process syncs to latches).
No latch inferred for signal `\compute_core.\popcount' from process `\compute_core.$proc$hdl/synth_top.sv:74$5'.
No latch inferred for signal `\compute_core.$fordecl_block$1.i' from process `\compute_core.$proc$hdl/synth_top.sv:74$5'.

3.2.9. Executing PROC_DFF pass (convert process syncs to FFs).
Creating register for signal `\compute_core.\accum_out' using process `\compute_core.$proc$hdl/synth_top.sv:84$265'.
  created $dff cell `$procdff$276' with positive edge clock.

3.2.10. Executing PROC_MEMWR pass (convert process memory writes to cells).

3.2.11. Executing PROC_CLEAN pass (remove empty switches from decision trees).
Found and cleaned up 3 empty switches in `\compute_core.$proc$hdl/synth_top.sv:84$265'.
Removing empty process `compute_core.$proc$hdl/synth_top.sv:84$265'.
Removing empty process `compute_core.$proc$hdl/synth_top.sv:74$5'.
Cleaned up 3 empty switches.

3.2.12. Executing OPT_EXPR pass (perform const folding).
Optimizing module compute_core.
<suppressed ~2 debug messages>

3.3. Executing FLATTEN pass (flatten design).

3.4. Executing OPT_EXPR pass (perform const folding).
Optimizing module compute_core.
<suppressed ~1 debug messages>

3.5. Executing OPT_CLEAN pass (remove unused cells and wires).
Finding unused cells or wires in module \compute_core..
Removed 0 unused cells and 13 unused wires.
<suppressed ~2 debug messages>

3.6. Executing CHECK pass (checking for obvious problems).
Checking module compute_core...
Found and reported 0 problems.

3.7. Executing OPT pass (performing simple optimizations).

3.7.1. Executing OPT_EXPR pass (perform const folding).
Optimizing module compute_core.

3.7.2. Executing OPT_MERGE pass (detect identical cells).
Finding identical cells in module `\compute_core'.
Computing hashes of 263 cells of `\compute_core'.
Finding duplicate cells in `\compute_core'.
Removed a total of 0 cells.

3.7.3. Executing OPT_MUXTREE pass (detect dead branches in mux trees).
Running muxtree optimizer on module \compute_core..
  Creating internal representation of mux trees.
  Evaluating internal representation of mux trees.
  Analyzing evaluation results.
Removed 0 multiplexer ports.
<suppressed ~4 debug messages>

3.7.4. Executing OPT_REDUCE pass (consolidate $*mux and $reduce_* inputs).
  Optimizing cells in module \compute_core.
Performed a total of 0 changes.

3.7.5. Executing OPT_MERGE pass (detect identical cells).
Finding identical cells in module `\compute_core'.
Computing hashes of 263 cells of `\compute_core'.
Finding duplicate cells in `\compute_core'.
Removed a total of 0 cells.

3.7.6. Executing OPT_DFF pass (perform DFF optimizations).

3.7.7. Executing OPT_CLEAN pass (remove unused cells and wires).
Finding unused cells or wires in module \compute_core..

3.7.8. Executing OPT_EXPR pass (perform const folding).
Optimizing module compute_core.

3.7.9. Finished fast OPT passes. (There is nothing left to do.)

3.8. Executing FSM pass (extract and optimize FSM).

3.8.1. Executing FSM_DETECT pass (finding FSMs in design).

3.8.2. Executing FSM_EXTRACT pass (extracting FSM from design).

3.8.3. Executing FSM_OPT pass (simple optimizations of FSMs).

3.8.4. Executing OPT_CLEAN pass (remove unused cells and wires).
Finding unused cells or wires in module \compute_core..

3.8.5. Executing FSM_OPT pass (simple optimizations of FSMs).

3.8.6. Executing FSM_RECODE pass (re-assigning FSM state encoding).

3.8.7. Executing FSM_INFO pass (dumping all available information on FSM cells).

3.8.8. Executing FSM_MAP pass (mapping FSMs to basic logic).

3.9. Executing OPT pass (performing simple optimizations).

3.9.1. Executing OPT_EXPR pass (perform const folding).
Optimizing module compute_core.

3.9.2. Executing OPT_MERGE pass (detect identical cells).
Finding identical cells in module `\compute_core'.
Computing hashes of 263 cells of `\compute_core'.
Finding duplicate cells in `\compute_core'.
Removed a total of 0 cells.

3.9.3. Executing OPT_MUXTREE pass (detect dead branches in mux trees).
Running muxtree optimizer on module \compute_core..
  Creating internal representation of mux trees.
  Evaluating internal representation of mux trees.
  Analyzing evaluation results.
Removed 0 multiplexer ports.
<suppressed ~4 debug messages>

3.9.4. Executing OPT_REDUCE pass (consolidate $*mux and $reduce_* inputs).
  Optimizing cells in module \compute_core.
Performed a total of 0 changes.

3.9.5. Executing OPT_MERGE pass (detect identical cells).
Finding identical cells in module `\compute_core'.
Computing hashes of 263 cells of `\compute_core'.
Finding duplicate cells in `\compute_core'.
Removed a total of 0 cells.

3.9.6. Executing OPT_DFF pass (perform DFF optimizations).
Adding SRST signal on $procdff$276 ($dff) from module compute_core (D = $procmux$268_Y, Q = \accum_out, rval = 0).
Adding EN signal on $auto$ff.cc:337:slice$277 ($sdff) from module compute_core (D = $add$hdl/synth_top.sv:90$267_Y, Q = \accum_out).

3.9.7. Executing OPT_CLEAN pass (remove unused cells and wires).
Finding unused cells or wires in module \compute_core..
Removed 3 unused cells and 3 unused wires.
<suppressed ~4 debug messages>

3.9.8. Executing OPT_EXPR pass (perform const folding).
Optimizing module compute_core.

3.9.9. Rerunning OPT passes. (Maybe there is more to do..)

3.9.10. Executing OPT_MUXTREE pass (detect dead branches in mux trees).
Running muxtree optimizer on module \compute_core..
  Creating internal representation of mux trees.
  No muxes found in this module.
Removed 0 multiplexer ports.

3.9.11. Executing OPT_REDUCE pass (consolidate $*mux and $reduce_* inputs).
  Optimizing cells in module \compute_core.
Performed a total of 0 changes.

3.9.12. Executing OPT_MERGE pass (detect identical cells).
Finding identical cells in module `\compute_core'.
Computing hashes of 261 cells of `\compute_core'.
Finding duplicate cells in `\compute_core'.
Removed a total of 0 cells.

3.9.13. Executing OPT_DFF pass (perform DFF optimizations).

3.9.14. Executing OPT_CLEAN pass (remove unused cells and wires).
Finding unused cells or wires in module \compute_core..

3.9.15. Executing OPT_EXPR pass (perform const folding).
Optimizing module compute_core.

3.9.16. Finished fast OPT passes. (There is nothing left to do.)

3.10. Executing WREDUCE pass (reducing word size of cells).
Removed top 8 bits (of 9) from port A of cell compute_core.$add$hdl/synth_top.sv:77$8 ($add).
Removed top 7 bits (of 9) from port Y of cell compute_core.$add$hdl/synth_top.sv:77$8 ($add).
Removed top 7 bits (of 9) from port A of cell compute_core.$add$hdl/synth_top.sv:77$9 ($add).
Removed top 6 bits (of 9) from port Y of cell compute_core.$add$hdl/synth_top.sv:77$9 ($add).
Removed top 6 bits (of 9) from port A of cell compute_core.$add$hdl/synth_top.sv:77$10 ($add).
Removed top 5 bits (of 9) from port Y of cell compute_core.$add$hdl/synth_top.sv:77$10 ($add).
Removed top 5 bits (of 9) from port A of cell compute_core.$add$hdl/synth_top.sv:77$11 ($add).
Removed top 4 bits (of 9) from port Y of cell compute_core.$add$hdl/synth_top.sv:77$11 ($add).
Removed top 4 bits (of 9) from port A of cell compute_core.$add$hdl/synth_top.sv:77$12 ($add).
Removed top 3 bits (of 9) from port Y of cell compute_core.$add$hdl/synth_top.sv:77$12 ($add).
Removed top 3 bits (of 9) from port A of cell compute_core.$add$hdl/synth_top.sv:77$13 ($add).
Removed top 2 bits (of 9) from port Y of cell compute_core.$add$hdl/synth_top.sv:77$13 ($add).
Removed top 2 bits (of 9) from port A of cell compute_core.$add$hdl/synth_top.sv:77$14 ($add).
Removed top 1 bits (of 9) from port Y of cell compute_core.$add$hdl/synth_top.sv:77$14 ($add).
Removed top 1 bits (of 9) from port A of cell compute_core.$add$hdl/synth_top.sv:77$15 ($add).
Converting cell compute_core.$sub$hdl/synth_top.sv:81$264 ($sub) from unsigned to signed.
Removed top 22 bits (of 32) from port A of cell compute_core.$sub$hdl/synth_top.sv:81$264 ($sub).
Removed top 22 bits (of 32) from port B of cell compute_core.$sub$hdl/synth_top.sv:81$264 ($sub).
Removed top 21 bits (of 32) from port Y of cell compute_core.$sub$hdl/synth_top.sv:81$264 ($sub).
Removed top 21 bits (of 32) from port B of cell compute_core.$add$hdl/synth_top.sv:90$267 ($add).
Removed top 1 bits (of 9) from wire compute_core.$add$hdl/synth_top.sv:77$14_Y.
Removed top 2 bits (of 9) from wire compute_core.$add$hdl/synth_top.sv:77$13_Y.
Removed top 3 bits (of 9) from wire compute_core.$add$hdl/synth_top.sv:77$12_Y.
Removed top 4 bits (of 9) from wire compute_core.$add$hdl/synth_top.sv:77$11_Y.
Removed top 5 bits (of 9) from wire compute_core.$add$hdl/synth_top.sv:77$10_Y.
Removed top 6 bits (of 9) from wire compute_core.$add$hdl/synth_top.sv:77$9_Y.
Removed top 7 bits (of 9) from wire compute_core.$add$hdl/synth_top.sv:77$8_Y.

3.11. Executing PEEPOPT pass (run peephole optimizers).

3.12. Executing OPT_CLEAN pass (remove unused cells and wires).
Finding unused cells or wires in module \compute_core..
Removed 0 unused cells and 7 unused wires.
<suppressed ~1 debug messages>

3.13. Executing ALUMACC pass (create $alu and $macc cells).
Extracting $alu and $macc cells in module compute_core:
  creating $macc model for $add$hdl/synth_top.sv:90$267 ($add).
  creating $macc model for $sub$hdl/synth_top.sv:81$264 ($sub).
  creating $macc model for $add$hdl/synth_top.sv:77$262 ($add).
  creating $macc model for $add$hdl/synth_top.sv:77$261 ($add).
  creating $macc model for $add$hdl/synth_top.sv:77$260 ($add).
  creating $macc model for $add$hdl/synth_top.sv:77$259 ($add).
  creating $macc model for $add$hdl/synth_top.sv:77$258 ($add).
  creating $macc model for $add$hdl/synth_top.sv:77$257 ($add).
  creating $macc model for $add$hdl/synth_top.sv:77$256 ($add).
  creating $macc model for $add$hdl/synth_top.sv:77$255 ($add).
  creating $macc model for $add$hdl/synth_top.sv:77$254 ($add).
  creating $macc model for $add$hdl/synth_top.sv:77$253 ($add).
  creating $macc model for $add$hdl/synth_top.sv:77$252 ($add).
  creating $macc model for $add$hdl/synth_top.sv:77$251 ($add).
  creating $macc model for $add$hdl/synth_top.sv:77$250 ($add).
  creating $macc model for $add$hdl/synth_top.sv:77$249 ($add).
  creating $macc model for $add$hdl/synth_top.sv:77$248 ($add).
  creating $macc model for $add$hdl/synth_top.sv:77$247 ($add).
  creating $macc model for $add$hdl/synth_top.sv:77$246 ($add).
  creating $macc model for $add$hdl/synth_top.sv:77$245 ($add).
  creating $macc model for $add$hdl/synth_top.sv:77$244 ($add).
  creating $macc model for $add$hdl/synth_top.sv:77$243 ($add).
  creating $macc model for $add$hdl/synth_top.sv:77$242 ($add).
  creating $macc model for $add$hdl/synth_top.sv:77$241 ($add).
  creating $macc model for $add$hdl/synth_top.sv:77$240 ($add).
  creating $macc model for $add$hdl/synth_top.sv:77$239 ($add).
  creating $macc model for $add$hdl/synth_top.sv:77$238 ($add).
  creating $macc model for $add$hdl/synth_top.sv:77$237 ($add).
  creating $macc model for $add$hdl/synth_top.sv:77$236 ($add).
  creating $macc model for $add$hdl/synth_top.sv:77$235 ($add).
  creating $macc model for $add$hdl/synth_top.sv:77$234 ($add).
  creating $macc model for $add$hdl/synth_top.sv:77$233 ($add).
  creating $macc model for $add$hdl/synth_top.sv:77$232 ($add).
  creating $macc model for $add$hdl/synth_top.sv:77$231 ($add).
  creating $macc model for $add$hdl/synth_top.sv:77$230 ($add).
  creating $macc model for $add$hdl/synth_top.sv:77$229 ($add).
  creating $macc model for $add$hdl/synth_top.sv:77$228 ($add).
  creating $macc model for $add$hdl/synth_top.sv:77$227 ($add).
  creating $macc model for $add$hdl/synth_top.sv:77$226 ($add).
  creating $macc model for $add$hdl/synth_top.sv:77$225 ($add).
  creating $macc model for $add$hdl/synth_top.sv:77$224 ($add).
  creating $macc model for $add$hdl/synth_top.sv:77$223 ($add).
  creating $macc model for $add$hdl/synth_top.sv:77$222 ($add).
  creating $macc model for $add$hdl/synth_top.sv:77$221 ($add).
  creating $macc model for $add$hdl/synth_top.sv:77$220 ($add).
  creating $macc model for $add$hdl/synth_top.sv:77$219 ($add).
  creating $macc model for $add$hdl/synth_top.sv:77$218 ($add).
  creating $macc model for $add$hdl/synth_top.sv:77$217 ($add).
  creating $macc model for $add$hdl/synth_top.sv:77$216 ($add).
  creating $macc model for $add$hdl/synth_top.sv:77$215 ($add).
  creating $macc model for $add$hdl/synth_top.sv:77$214 ($add).
  creating $macc model for $add$hdl/synth_top.sv:77$213 ($add).
  creating $macc model for $add$hdl/synth_top.sv:77$212 ($add).
  creating $macc model for $add$hdl/synth_top.sv:77$211 ($add).
  creating $macc model for $add$hdl/synth_top.sv:77$210 ($add).
  creating $macc model for $add$hdl/synth_top.sv:77$209 ($add).
  creating $macc model for $add$hdl/synth_top.sv:77$208 ($add).
  creating $macc model for $add$hdl/synth_top.sv:77$207 ($add).
  creating $macc model for $add$hdl/synth_top.sv:77$206 ($add).
  creating $macc model for $add$hdl/synth_top.sv:77$205 ($add).
  creating $macc model for $add$hdl/synth_top.sv:77$204 ($add).
  creating $macc model for $add$hdl/synth_top.sv:77$203 ($add).
  creating $macc model for $add$hdl/synth_top.sv:77$202 ($add).
  creating $macc model for $add$hdl/synth_top.sv:77$201 ($add).
  creating $macc model for $add$hdl/synth_top.sv:77$200 ($add).
  creating $macc model for $add$hdl/synth_top.sv:77$199 ($add).
  creating $macc model for $add$hdl/synth_top.sv:77$198 ($add).
  creating $macc model for $add$hdl/synth_top.sv:77$197 ($add).
  creating $macc model for $add$hdl/synth_top.sv:77$196 ($add).
  creating $macc model for $add$hdl/synth_top.sv:77$195 ($add).
  creating $macc model for $add$hdl/synth_top.sv:77$194 ($add).
  creating $macc model for $add$hdl/synth_top.sv:77$193 ($add).
  creating $macc model for $add$hdl/synth_top.sv:77$192 ($add).
  creating $macc model for $add$hdl/synth_top.sv:77$191 ($add).
  creating $macc model for $add$hdl/synth_top.sv:77$190 ($add).
  creating $macc model for $add$hdl/synth_top.sv:77$189 ($add).
  creating $macc model for $add$hdl/synth_top.sv:77$188 ($add).
  creating $macc model for $add$hdl/synth_top.sv:77$187 ($add).
  creating $macc model for $add$hdl/synth_top.sv:77$186 ($add).
  creating $macc model for $add$hdl/synth_top.sv:77$185 ($add).
  creating $macc model for $add$hdl/synth_top.sv:77$184 ($add).
  creating $macc model for $add$hdl/synth_top.sv:77$183 ($add).
  creating $macc model for $add$hdl/synth_top.sv:77$182 ($add).
  creating $macc model for $add$hdl/synth_top.sv:77$181 ($add).
  creating $macc model for $add$hdl/synth_top.sv:77$180 ($add).
  creating $macc model for $add$hdl/synth_top.sv:77$179 ($add).
  creating $macc model for $add$hdl/synth_top.sv:77$178 ($add).
  creating $macc model for $add$hdl/synth_top.sv:77$177 ($add).
  creating $macc model for $add$hdl/synth_top.sv:77$176 ($add).
  creating $macc model for $add$hdl/synth_top.sv:77$175 ($add).
  creating $macc model for $add$hdl/synth_top.sv:77$174 ($add).
  creating $macc model for $add$hdl/synth_top.sv:77$173 ($add).
  creating $macc model for $add$hdl/synth_top.sv:77$172 ($add).
  creating $macc model for $add$hdl/synth_top.sv:77$171 ($add).
  creating $macc model for $add$hdl/synth_top.sv:77$170 ($add).
  creating $macc model for $add$hdl/synth_top.sv:77$169 ($add).
  creating $macc model for $add$hdl/synth_top.sv:77$168 ($add).
  creating $macc model for $add$hdl/synth_top.sv:77$167 ($add).
  creating $macc model for $add$hdl/synth_top.sv:77$166 ($add).
  creating $macc model for $add$hdl/synth_top.sv:77$165 ($add).
  creating $macc model for $add$hdl/synth_top.sv:77$164 ($add).
  creating $macc model for $add$hdl/synth_top.sv:77$163 ($add).
  creating $macc model for $add$hdl/synth_top.sv:77$162 ($add).
  creating $macc model for $add$hdl/synth_top.sv:77$161 ($add).
  creating $macc model for $add$hdl/synth_top.sv:77$160 ($add).
  creating $macc model for $add$hdl/synth_top.sv:77$159 ($add).
  creating $macc model for $add$hdl/synth_top.sv:77$158 ($add).
  creating $macc model for $add$hdl/synth_top.sv:77$157 ($add).
  creating $macc model for $add$hdl/synth_top.sv:77$156 ($add).
  creating $macc model for $add$hdl/synth_top.sv:77$155 ($add).
  creating $macc model for $add$hdl/synth_top.sv:77$154 ($add).
  creating $macc model for $add$hdl/synth_top.sv:77$153 ($add).
  creating $macc model for $add$hdl/synth_top.sv:77$152 ($add).
  creating $macc model for $add$hdl/synth_top.sv:77$151 ($add).
  creating $macc model for $add$hdl/synth_top.sv:77$150 ($add).
  creating $macc model for $add$hdl/synth_top.sv:77$149 ($add).
  creating $macc model for $add$hdl/synth_top.sv:77$148 ($add).
  creating $macc model for $add$hdl/synth_top.sv:77$147 ($add).
  creating $macc model for $add$hdl/synth_top.sv:77$146 ($add).
  creating $macc model for $add$hdl/synth_top.sv:77$145 ($add).
  creating $macc model for $add$hdl/synth_top.sv:77$144 ($add).
  creating $macc model for $add$hdl/synth_top.sv:77$143 ($add).
  creating $macc model for $add$hdl/synth_top.sv:77$142 ($add).
  creating $macc model for $add$hdl/synth_top.sv:77$141 ($add).
  creating $macc model for $add$hdl/synth_top.sv:77$140 ($add).
  creating $macc model for $add$hdl/synth_top.sv:77$139 ($add).
  creating $macc model for $add$hdl/synth_top.sv:77$138 ($add).
  creating $macc model for $add$hdl/synth_top.sv:77$137 ($add).
  creating $macc model for $add$hdl/synth_top.sv:77$136 ($add).
  creating $macc model for $add$hdl/synth_top.sv:77$135 ($add).
  creating $macc model for $add$hdl/synth_top.sv:77$134 ($add).
  creating $macc model for $add$hdl/synth_top.sv:77$133 ($add).
  creating $macc model for $add$hdl/synth_top.sv:77$132 ($add).
  creating $macc model for $add$hdl/synth_top.sv:77$131 ($add).
  creating $macc model for $add$hdl/synth_top.sv:77$130 ($add).
  creating $macc model for $add$hdl/synth_top.sv:77$129 ($add).
  creating $macc model for $add$hdl/synth_top.sv:77$128 ($add).
  creating $macc model for $add$hdl/synth_top.sv:77$127 ($add).
  creating $macc model for $add$hdl/synth_top.sv:77$126 ($add).
  creating $macc model for $add$hdl/synth_top.sv:77$125 ($add).
  creating $macc model for $add$hdl/synth_top.sv:77$124 ($add).
  creating $macc model for $add$hdl/synth_top.sv:77$123 ($add).
  creating $macc model for $add$hdl/synth_top.sv:77$122 ($add).
  creating $macc model for $add$hdl/synth_top.sv:77$121 ($add).
  creating $macc model for $add$hdl/synth_top.sv:77$120 ($add).
  creating $macc model for $add$hdl/synth_top.sv:77$119 ($add).
  creating $macc model for $add$hdl/synth_top.sv:77$118 ($add).
  creating $macc model for $add$hdl/synth_top.sv:77$117 ($add).
  creating $macc model for $add$hdl/synth_top.sv:77$116 ($add).
  creating $macc model for $add$hdl/synth_top.sv:77$115 ($add).
  creating $macc model for $add$hdl/synth_top.sv:77$114 ($add).
  creating $macc model for $add$hdl/synth_top.sv:77$113 ($add).
  creating $macc model for $add$hdl/synth_top.sv:77$112 ($add).
  creating $macc model for $add$hdl/synth_top.sv:77$111 ($add).
  creating $macc model for $add$hdl/synth_top.sv:77$110 ($add).
  creating $macc model for $add$hdl/synth_top.sv:77$109 ($add).
  creating $macc model for $add$hdl/synth_top.sv:77$108 ($add).
  creating $macc model for $add$hdl/synth_top.sv:77$107 ($add).
  creating $macc model for $add$hdl/synth_top.sv:77$106 ($add).
  creating $macc model for $add$hdl/synth_top.sv:77$105 ($add).
  creating $macc model for $add$hdl/synth_top.sv:77$104 ($add).
  creating $macc model for $add$hdl/synth_top.sv:77$103 ($add).
  creating $macc model for $add$hdl/synth_top.sv:77$102 ($add).
  creating $macc model for $add$hdl/synth_top.sv:77$101 ($add).
  creating $macc model for $add$hdl/synth_top.sv:77$100 ($add).
  creating $macc model for $add$hdl/synth_top.sv:77$99 ($add).
  creating $macc model for $add$hdl/synth_top.sv:77$98 ($add).
  creating $macc model for $add$hdl/synth_top.sv:77$97 ($add).
  creating $macc model for $add$hdl/synth_top.sv:77$96 ($add).
  creating $macc model for $add$hdl/synth_top.sv:77$95 ($add).
  creating $macc model for $add$hdl/synth_top.sv:77$94 ($add).
  creating $macc model for $add$hdl/synth_top.sv:77$93 ($add).
  creating $macc model for $add$hdl/synth_top.sv:77$92 ($add).
  creating $macc model for $add$hdl/synth_top.sv:77$91 ($add).
  creating $macc model for $add$hdl/synth_top.sv:77$90 ($add).
  creating $macc model for $add$hdl/synth_top.sv:77$89 ($add).
  creating $macc model for $add$hdl/synth_top.sv:77$88 ($add).
  creating $macc model for $add$hdl/synth_top.sv:77$87 ($add).
  creating $macc model for $add$hdl/synth_top.sv:77$86 ($add).
  creating $macc model for $add$hdl/synth_top.sv:77$85 ($add).
  creating $macc model for $add$hdl/synth_top.sv:77$84 ($add).
  creating $macc model for $add$hdl/synth_top.sv:77$83 ($add).
  creating $macc model for $add$hdl/synth_top.sv:77$82 ($add).
  creating $macc model for $add$hdl/synth_top.sv:77$81 ($add).
  creating $macc model for $add$hdl/synth_top.sv:77$80 ($add).
  creating $macc model for $add$hdl/synth_top.sv:77$79 ($add).
  creating $macc model for $add$hdl/synth_top.sv:77$78 ($add).
  creating $macc model for $add$hdl/synth_top.sv:77$77 ($add).
  creating $macc model for $add$hdl/synth_top.sv:77$76 ($add).
  creating $macc model for $add$hdl/synth_top.sv:77$75 ($add).
  creating $macc model for $add$hdl/synth_top.sv:77$74 ($add).
  creating $macc model for $add$hdl/synth_top.sv:77$73 ($add).
  creating $macc model for $add$hdl/synth_top.sv:77$72 ($add).
  creating $macc model for $add$hdl/synth_top.sv:77$71 ($add).
  creating $macc model for $add$hdl/synth_top.sv:77$70 ($add).
  creating $macc model for $add$hdl/synth_top.sv:77$69 ($add).
  creating $macc model for $add$hdl/synth_top.sv:77$68 ($add).
  creating $macc model for $add$hdl/synth_top.sv:77$67 ($add).
  creating $macc model for $add$hdl/synth_top.sv:77$66 ($add).
  creating $macc model for $add$hdl/synth_top.sv:77$65 ($add).
  creating $macc model for $add$hdl/synth_top.sv:77$64 ($add).
  creating $macc model for $add$hdl/synth_top.sv:77$63 ($add).
  creating $macc model for $add$hdl/synth_top.sv:77$62 ($add).
  creating $macc model for $add$hdl/synth_top.sv:77$61 ($add).
  creating $macc model for $add$hdl/synth_top.sv:77$60 ($add).
  creating $macc model for $add$hdl/synth_top.sv:77$59 ($add).
  creating $macc model for $add$hdl/synth_top.sv:77$58 ($add).
  creating $macc model for $add$hdl/synth_top.sv:77$57 ($add).
  creating $macc model for $add$hdl/synth_top.sv:77$56 ($add).
  creating $macc model for $add$hdl/synth_top.sv:77$55 ($add).
  creating $macc model for $add$hdl/synth_top.sv:77$54 ($add).
  creating $macc model for $add$hdl/synth_top.sv:77$53 ($add).
  creating $macc model for $add$hdl/synth_top.sv:77$52 ($add).
  creating $macc model for $add$hdl/synth_top.sv:77$51 ($add).
  creating $macc model for $add$hdl/synth_top.sv:77$50 ($add).
  creating $macc model for $add$hdl/synth_top.sv:77$49 ($add).
  creating $macc model for $add$hdl/synth_top.sv:77$48 ($add).
  creating $macc model for $add$hdl/synth_top.sv:77$47 ($add).
  creating $macc model for $add$hdl/synth_top.sv:77$46 ($add).
  creating $macc model for $add$hdl/synth_top.sv:77$45 ($add).
  creating $macc model for $add$hdl/synth_top.sv:77$44 ($add).
  creating $macc model for $add$hdl/synth_top.sv:77$43 ($add).
  creating $macc model for $add$hdl/synth_top.sv:77$42 ($add).
  creating $macc model for $add$hdl/synth_top.sv:77$41 ($add).
  creating $macc model for $add$hdl/synth_top.sv:77$40 ($add).
  creating $macc model for $add$hdl/synth_top.sv:77$39 ($add).
  creating $macc model for $add$hdl/synth_top.sv:77$38 ($add).
  creating $macc model for $add$hdl/synth_top.sv:77$37 ($add).
  creating $macc model for $add$hdl/synth_top.sv:77$36 ($add).
  creating $macc model for $add$hdl/synth_top.sv:77$35 ($add).
  creating $macc model for $add$hdl/synth_top.sv:77$34 ($add).
  creating $macc model for $add$hdl/synth_top.sv:77$33 ($add).
  creating $macc model for $add$hdl/synth_top.sv:77$32 ($add).
  creating $macc model for $add$hdl/synth_top.sv:77$31 ($add).
  creating $macc model for $add$hdl/synth_top.sv:77$30 ($add).
  creating $macc model for $add$hdl/synth_top.sv:77$29 ($add).
  creating $macc model for $add$hdl/synth_top.sv:77$28 ($add).
  creating $macc model for $add$hdl/synth_top.sv:77$27 ($add).
  creating $macc model for $add$hdl/synth_top.sv:77$26 ($add).
  creating $macc model for $add$hdl/synth_top.sv:77$25 ($add).
  creating $macc model for $add$hdl/synth_top.sv:77$24 ($add).
  creating $macc model for $add$hdl/synth_top.sv:77$23 ($add).
  creating $macc model for $add$hdl/synth_top.sv:77$22 ($add).
  creating $macc model for $add$hdl/synth_top.sv:77$21 ($add).
  creating $macc model for $add$hdl/synth_top.sv:77$20 ($add).
  creating $macc model for $add$hdl/synth_top.sv:77$19 ($add).
  creating $macc model for $add$hdl/synth_top.sv:77$18 ($add).
  creating $macc model for $add$hdl/synth_top.sv:77$17 ($add).
  creating $macc model for $add$hdl/synth_top.sv:77$16 ($add).
  creating $macc model for $add$hdl/synth_top.sv:77$15 ($add).
  creating $macc model for $add$hdl/synth_top.sv:77$14 ($add).
  creating $macc model for $add$hdl/synth_top.sv:77$13 ($add).
  creating $macc model for $add$hdl/synth_top.sv:77$12 ($add).
  creating $macc model for $add$hdl/synth_top.sv:77$11 ($add).
  creating $macc model for $add$hdl/synth_top.sv:77$10 ($add).
  creating $macc model for $add$hdl/synth_top.sv:77$9 ($add).
  creating $macc model for $add$hdl/synth_top.sv:77$8 ($add).
  merging $macc model for $add$hdl/synth_top.sv:77$8 into $add$hdl/synth_top.sv:77$9.
  merging $macc model for $add$hdl/synth_top.sv:77$9 into $add$hdl/synth_top.sv:77$10.
  merging $macc model for $add$hdl/synth_top.sv:77$10 into $add$hdl/synth_top.sv:77$11.
  merging $macc model for $add$hdl/synth_top.sv:77$11 into $add$hdl/synth_top.sv:77$12.
  merging $macc model for $add$hdl/synth_top.sv:77$12 into $add$hdl/synth_top.sv:77$13.
  merging $macc model for $add$hdl/synth_top.sv:77$13 into $add$hdl/synth_top.sv:77$14.
  merging $macc model for $add$hdl/synth_top.sv:77$14 into $add$hdl/synth_top.sv:77$15.
  merging $macc model for $add$hdl/synth_top.sv:77$15 into $add$hdl/synth_top.sv:77$16.
  merging $macc model for $add$hdl/synth_top.sv:77$16 into $add$hdl/synth_top.sv:77$17.
  merging $macc model for $add$hdl/synth_top.sv:77$17 into $add$hdl/synth_top.sv:77$18.
  merging $macc model for $add$hdl/synth_top.sv:77$18 into $add$hdl/synth_top.sv:77$19.
  merging $macc model for $add$hdl/synth_top.sv:77$19 into $add$hdl/synth_top.sv:77$20.
  merging $macc model for $add$hdl/synth_top.sv:77$20 into $add$hdl/synth_top.sv:77$21.
  merging $macc model for $add$hdl/synth_top.sv:77$21 into $add$hdl/synth_top.sv:77$22.
  merging $macc model for $add$hdl/synth_top.sv:77$22 into $add$hdl/synth_top.sv:77$23.
  merging $macc model for $add$hdl/synth_top.sv:77$23 into $add$hdl/synth_top.sv:77$24.
  merging $macc model for $add$hdl/synth_top.sv:77$24 into $add$hdl/synth_top.sv:77$25.
  merging $macc model for $add$hdl/synth_top.sv:77$25 into $add$hdl/synth_top.sv:77$26.
  merging $macc model for $add$hdl/synth_top.sv:77$26 into $add$hdl/synth_top.sv:77$27.
  merging $macc model for $add$hdl/synth_top.sv:77$27 into $add$hdl/synth_top.sv:77$28.
  merging $macc model for $add$hdl/synth_top.sv:77$28 into $add$hdl/synth_top.sv:77$29.
  merging $macc model for $add$hdl/synth_top.sv:77$29 into $add$hdl/synth_top.sv:77$30.
  merging $macc model for $add$hdl/synth_top.sv:77$30 into $add$hdl/synth_top.sv:77$31.
  merging $macc model for $add$hdl/synth_top.sv:77$31 into $add$hdl/synth_top.sv:77$32.
  merging $macc model for $add$hdl/synth_top.sv:77$32 into $add$hdl/synth_top.sv:77$33.
  merging $macc model for $add$hdl/synth_top.sv:77$33 into $add$hdl/synth_top.sv:77$34.
  merging $macc model for $add$hdl/synth_top.sv:77$34 into $add$hdl/synth_top.sv:77$35.
  merging $macc model for $add$hdl/synth_top.sv:77$35 into $add$hdl/synth_top.sv:77$36.
  merging $macc model for $add$hdl/synth_top.sv:77$36 into $add$hdl/synth_top.sv:77$37.
  merging $macc model for $add$hdl/synth_top.sv:77$37 into $add$hdl/synth_top.sv:77$38.
  merging $macc model for $add$hdl/synth_top.sv:77$38 into $add$hdl/synth_top.sv:77$39.
  merging $macc model for $add$hdl/synth_top.sv:77$39 into $add$hdl/synth_top.sv:77$40.
  merging $macc model for $add$hdl/synth_top.sv:77$40 into $add$hdl/synth_top.sv:77$41.
  merging $macc model for $add$hdl/synth_top.sv:77$41 into $add$hdl/synth_top.sv:77$42.
  merging $macc model for $add$hdl/synth_top.sv:77$42 into $add$hdl/synth_top.sv:77$43.
  merging $macc model for $add$hdl/synth_top.sv:77$43 into $add$hdl/synth_top.sv:77$44.
  merging $macc model for $add$hdl/synth_top.sv:77$44 into $add$hdl/synth_top.sv:77$45.
  merging $macc model for $add$hdl/synth_top.sv:77$45 into $add$hdl/synth_top.sv:77$46.
  merging $macc model for $add$hdl/synth_top.sv:77$46 into $add$hdl/synth_top.sv:77$47.
  merging $macc model for $add$hdl/synth_top.sv:77$47 into $add$hdl/synth_top.sv:77$48.
  merging $macc model for $add$hdl/synth_top.sv:77$48 into $add$hdl/synth_top.sv:77$49.
  merging $macc model for $add$hdl/synth_top.sv:77$49 into $add$hdl/synth_top.sv:77$50.
  merging $macc model for $add$hdl/synth_top.sv:77$50 into $add$hdl/synth_top.sv:77$51.
  merging $macc model for $add$hdl/synth_top.sv:77$51 into $add$hdl/synth_top.sv:77$52.
  merging $macc model for $add$hdl/synth_top.sv:77$52 into $add$hdl/synth_top.sv:77$53.
  merging $macc model for $add$hdl/synth_top.sv:77$53 into $add$hdl/synth_top.sv:77$54.
  merging $macc model for $add$hdl/synth_top.sv:77$54 into $add$hdl/synth_top.sv:77$55.
  merging $macc model for $add$hdl/synth_top.sv:77$55 into $add$hdl/synth_top.sv:77$56.
  merging $macc model for $add$hdl/synth_top.sv:77$56 into $add$hdl/synth_top.sv:77$57.
  merging $macc model for $add$hdl/synth_top.sv:77$57 into $add$hdl/synth_top.sv:77$58.
  merging $macc model for $add$hdl/synth_top.sv:77$58 into $add$hdl/synth_top.sv:77$59.
  merging $macc model for $add$hdl/synth_top.sv:77$59 into $add$hdl/synth_top.sv:77$60.
  merging $macc model for $add$hdl/synth_top.sv:77$60 into $add$hdl/synth_top.sv:77$61.
  merging $macc model for $add$hdl/synth_top.sv:77$61 into $add$hdl/synth_top.sv:77$62.
  merging $macc model for $add$hdl/synth_top.sv:77$62 into $add$hdl/synth_top.sv:77$63.
  merging $macc model for $add$hdl/synth_top.sv:77$63 into $add$hdl/synth_top.sv:77$64.
  merging $macc model for $add$hdl/synth_top.sv:77$64 into $add$hdl/synth_top.sv:77$65.
  merging $macc model for $add$hdl/synth_top.sv:77$65 into $add$hdl/synth_top.sv:77$66.
  merging $macc model for $add$hdl/synth_top.sv:77$66 into $add$hdl/synth_top.sv:77$67.
  merging $macc model for $add$hdl/synth_top.sv:77$67 into $add$hdl/synth_top.sv:77$68.
  merging $macc model for $add$hdl/synth_top.sv:77$68 into $add$hdl/synth_top.sv:77$69.
  merging $macc model for $add$hdl/synth_top.sv:77$69 into $add$hdl/synth_top.sv:77$70.
  merging $macc model for $add$hdl/synth_top.sv:77$70 into $add$hdl/synth_top.sv:77$71.
  merging $macc model for $add$hdl/synth_top.sv:77$71 into $add$hdl/synth_top.sv:77$72.
  merging $macc model for $add$hdl/synth_top.sv:77$72 into $add$hdl/synth_top.sv:77$73.
  merging $macc model for $add$hdl/synth_top.sv:77$73 into $add$hdl/synth_top.sv:77$74.
  merging $macc model for $add$hdl/synth_top.sv:77$74 into $add$hdl/synth_top.sv:77$75.
  merging $macc model for $add$hdl/synth_top.sv:77$75 into $add$hdl/synth_top.sv:77$76.
  merging $macc model for $add$hdl/synth_top.sv:77$76 into $add$hdl/synth_top.sv:77$77.
  merging $macc model for $add$hdl/synth_top.sv:77$77 into $add$hdl/synth_top.sv:77$78.
  merging $macc model for $add$hdl/synth_top.sv:77$78 into $add$hdl/synth_top.sv:77$79.
  merging $macc model for $add$hdl/synth_top.sv:77$79 into $add$hdl/synth_top.sv:77$80.
  merging $macc model for $add$hdl/synth_top.sv:77$80 into $add$hdl/synth_top.sv:77$81.
  merging $macc model for $add$hdl/synth_top.sv:77$81 into $add$hdl/synth_top.sv:77$82.
  merging $macc model for $add$hdl/synth_top.sv:77$82 into $add$hdl/synth_top.sv:77$83.
  merging $macc model for $add$hdl/synth_top.sv:77$83 into $add$hdl/synth_top.sv:77$84.
  merging $macc model for $add$hdl/synth_top.sv:77$84 into $add$hdl/synth_top.sv:77$85.
  merging $macc model for $add$hdl/synth_top.sv:77$85 into $add$hdl/synth_top.sv:77$86.
  merging $macc model for $add$hdl/synth_top.sv:77$86 into $add$hdl/synth_top.sv:77$87.
  merging $macc model for $add$hdl/synth_top.sv:77$87 into $add$hdl/synth_top.sv:77$88.
  merging $macc model for $add$hdl/synth_top.sv:77$88 into $add$hdl/synth_top.sv:77$89.
  merging $macc model for $add$hdl/synth_top.sv:77$89 into $add$hdl/synth_top.sv:77$90.
  merging $macc model for $add$hdl/synth_top.sv:77$90 into $add$hdl/synth_top.sv:77$91.
  merging $macc model for $add$hdl/synth_top.sv:77$91 into $add$hdl/synth_top.sv:77$92.
  merging $macc model for $add$hdl/synth_top.sv:77$92 into $add$hdl/synth_top.sv:77$93.
  merging $macc model for $add$hdl/synth_top.sv:77$93 into $add$hdl/synth_top.sv:77$94.
  merging $macc model for $add$hdl/synth_top.sv:77$94 into $add$hdl/synth_top.sv:77$95.
  merging $macc model for $add$hdl/synth_top.sv:77$95 into $add$hdl/synth_top.sv:77$96.
  merging $macc model for $add$hdl/synth_top.sv:77$96 into $add$hdl/synth_top.sv:77$97.
  merging $macc model for $add$hdl/synth_top.sv:77$97 into $add$hdl/synth_top.sv:77$98.
  merging $macc model for $add$hdl/synth_top.sv:77$98 into $add$hdl/synth_top.sv:77$99.
  merging $macc model for $add$hdl/synth_top.sv:77$99 into $add$hdl/synth_top.sv:77$100.
  merging $macc model for $add$hdl/synth_top.sv:77$100 into $add$hdl/synth_top.sv:77$101.
  merging $macc model for $add$hdl/synth_top.sv:77$101 into $add$hdl/synth_top.sv:77$102.
  merging $macc model for $add$hdl/synth_top.sv:77$102 into $add$hdl/synth_top.sv:77$103.
  merging $macc model for $add$hdl/synth_top.sv:77$103 into $add$hdl/synth_top.sv:77$104.
  merging $macc model for $add$hdl/synth_top.sv:77$104 into $add$hdl/synth_top.sv:77$105.
  merging $macc model for $add$hdl/synth_top.sv:77$105 into $add$hdl/synth_top.sv:77$106.
  merging $macc model for $add$hdl/synth_top.sv:77$106 into $add$hdl/synth_top.sv:77$107.
  merging $macc model for $add$hdl/synth_top.sv:77$107 into $add$hdl/synth_top.sv:77$108.
  merging $macc model for $add$hdl/synth_top.sv:77$108 into $add$hdl/synth_top.sv:77$109.
  merging $macc model for $add$hdl/synth_top.sv:77$109 into $add$hdl/synth_top.sv:77$110.
  merging $macc model for $add$hdl/synth_top.sv:77$110 into $add$hdl/synth_top.sv:77$111.
  merging $macc model for $add$hdl/synth_top.sv:77$111 into $add$hdl/synth_top.sv:77$112.
  merging $macc model for $add$hdl/synth_top.sv:77$112 into $add$hdl/synth_top.sv:77$113.
  merging $macc model for $add$hdl/synth_top.sv:77$113 into $add$hdl/synth_top.sv:77$114.
  merging $macc model for $add$hdl/synth_top.sv:77$114 into $add$hdl/synth_top.sv:77$115.
  merging $macc model for $add$hdl/synth_top.sv:77$115 into $add$hdl/synth_top.sv:77$116.
  merging $macc model for $add$hdl/synth_top.sv:77$116 into $add$hdl/synth_top.sv:77$117.
  merging $macc model for $add$hdl/synth_top.sv:77$117 into $add$hdl/synth_top.sv:77$118.
  merging $macc model for $add$hdl/synth_top.sv:77$118 into $add$hdl/synth_top.sv:77$119.
  merging $macc model for $add$hdl/synth_top.sv:77$119 into $add$hdl/synth_top.sv:77$120.
  merging $macc model for $add$hdl/synth_top.sv:77$120 into $add$hdl/synth_top.sv:77$121.
  merging $macc model for $add$hdl/synth_top.sv:77$121 into $add$hdl/synth_top.sv:77$122.
  merging $macc model for $add$hdl/synth_top.sv:77$122 into $add$hdl/synth_top.sv:77$123.
  merging $macc model for $add$hdl/synth_top.sv:77$123 into $add$hdl/synth_top.sv:77$124.
  merging $macc model for $add$hdl/synth_top.sv:77$124 into $add$hdl/synth_top.sv:77$125.
  merging $macc model for $add$hdl/synth_top.sv:77$125 into $add$hdl/synth_top.sv:77$126.
  merging $macc model for $add$hdl/synth_top.sv:77$126 into $add$hdl/synth_top.sv:77$127.
  merging $macc model for $add$hdl/synth_top.sv:77$127 into $add$hdl/synth_top.sv:77$128.
  merging $macc model for $add$hdl/synth_top.sv:77$128 into $add$hdl/synth_top.sv:77$129.
  merging $macc model for $add$hdl/synth_top.sv:77$129 into $add$hdl/synth_top.sv:77$130.
  merging $macc model for $add$hdl/synth_top.sv:77$130 into $add$hdl/synth_top.sv:77$131.
  merging $macc model for $add$hdl/synth_top.sv:77$131 into $add$hdl/synth_top.sv:77$132.
  merging $macc model for $add$hdl/synth_top.sv:77$132 into $add$hdl/synth_top.sv:77$133.
  merging $macc model for $add$hdl/synth_top.sv:77$133 into $add$hdl/synth_top.sv:77$134.
  merging $macc model for $add$hdl/synth_top.sv:77$134 into $add$hdl/synth_top.sv:77$135.
  merging $macc model for $add$hdl/synth_top.sv:77$135 into $add$hdl/synth_top.sv:77$136.
  merging $macc model for $add$hdl/synth_top.sv:77$136 into $add$hdl/synth_top.sv:77$137.
  merging $macc model for $add$hdl/synth_top.sv:77$137 into $add$hdl/synth_top.sv:77$138.
  merging $macc model for $add$hdl/synth_top.sv:77$138 into $add$hdl/synth_top.sv:77$139.
  merging $macc model for $add$hdl/synth_top.sv:77$139 into $add$hdl/synth_top.sv:77$140.
  merging $macc model for $add$hdl/synth_top.sv:77$140 into $add$hdl/synth_top.sv:77$141.
  merging $macc model for $add$hdl/synth_top.sv:77$141 into $add$hdl/synth_top.sv:77$142.
  merging $macc model for $add$hdl/synth_top.sv:77$142 into $add$hdl/synth_top.sv:77$143.
  merging $macc model for $add$hdl/synth_top.sv:77$143 into $add$hdl/synth_top.sv:77$144.
  merging $macc model for $add$hdl/synth_top.sv:77$144 into $add$hdl/synth_top.sv:77$145.
  merging $macc model for $add$hdl/synth_top.sv:77$145 into $add$hdl/synth_top.sv:77$146.
  merging $macc model for $add$hdl/synth_top.sv:77$146 into $add$hdl/synth_top.sv:77$147.
  merging $macc model for $add$hdl/synth_top.sv:77$147 into $add$hdl/synth_top.sv:77$148.
  merging $macc model for $add$hdl/synth_top.sv:77$148 into $add$hdl/synth_top.sv:77$149.
  merging $macc model for $add$hdl/synth_top.sv:77$149 into $add$hdl/synth_top.sv:77$150.
  merging $macc model for $add$hdl/synth_top.sv:77$150 into $add$hdl/synth_top.sv:77$151.
  merging $macc model for $add$hdl/synth_top.sv:77$151 into $add$hdl/synth_top.sv:77$152.
  merging $macc model for $add$hdl/synth_top.sv:77$152 into $add$hdl/synth_top.sv:77$153.
  merging $macc model for $add$hdl/synth_top.sv:77$153 into $add$hdl/synth_top.sv:77$154.
  merging $macc model for $add$hdl/synth_top.sv:77$154 into $add$hdl/synth_top.sv:77$155.
  merging $macc model for $add$hdl/synth_top.sv:77$155 into $add$hdl/synth_top.sv:77$156.
  merging $macc model for $add$hdl/synth_top.sv:77$156 into $add$hdl/synth_top.sv:77$157.
  merging $macc model for $add$hdl/synth_top.sv:77$157 into $add$hdl/synth_top.sv:77$158.
  merging $macc model for $add$hdl/synth_top.sv:77$158 into $add$hdl/synth_top.sv:77$159.
  merging $macc model for $add$hdl/synth_top.sv:77$159 into $add$hdl/synth_top.sv:77$160.
  merging $macc model for $add$hdl/synth_top.sv:77$160 into $add$hdl/synth_top.sv:77$161.
  merging $macc model for $add$hdl/synth_top.sv:77$161 into $add$hdl/synth_top.sv:77$162.
  merging $macc model for $add$hdl/synth_top.sv:77$162 into $add$hdl/synth_top.sv:77$163.
  merging $macc model for $add$hdl/synth_top.sv:77$163 into $add$hdl/synth_top.sv:77$164.
  merging $macc model for $add$hdl/synth_top.sv:77$164 into $add$hdl/synth_top.sv:77$165.
  merging $macc model for $add$hdl/synth_top.sv:77$165 into $add$hdl/synth_top.sv:77$166.
  merging $macc model for $add$hdl/synth_top.sv:77$166 into $add$hdl/synth_top.sv:77$167.
  merging $macc model for $add$hdl/synth_top.sv:77$167 into $add$hdl/synth_top.sv:77$168.
  merging $macc model for $add$hdl/synth_top.sv:77$168 into $add$hdl/synth_top.sv:77$169.
  merging $macc model for $add$hdl/synth_top.sv:77$169 into $add$hdl/synth_top.sv:77$170.
  merging $macc model for $add$hdl/synth_top.sv:77$170 into $add$hdl/synth_top.sv:77$171.
  merging $macc model for $add$hdl/synth_top.sv:77$171 into $add$hdl/synth_top.sv:77$172.
  merging $macc model for $add$hdl/synth_top.sv:77$172 into $add$hdl/synth_top.sv:77$173.
  merging $macc model for $add$hdl/synth_top.sv:77$173 into $add$hdl/synth_top.sv:77$174.
  merging $macc model for $add$hdl/synth_top.sv:77$174 into $add$hdl/synth_top.sv:77$175.
  merging $macc model for $add$hdl/synth_top.sv:77$175 into $add$hdl/synth_top.sv:77$176.
  merging $macc model for $add$hdl/synth_top.sv:77$176 into $add$hdl/synth_top.sv:77$177.
  merging $macc model for $add$hdl/synth_top.sv:77$177 into $add$hdl/synth_top.sv:77$178.
  merging $macc model for $add$hdl/synth_top.sv:77$178 into $add$hdl/synth_top.sv:77$179.
  merging $macc model for $add$hdl/synth_top.sv:77$179 into $add$hdl/synth_top.sv:77$180.
  merging $macc model for $add$hdl/synth_top.sv:77$180 into $add$hdl/synth_top.sv:77$181.
  merging $macc model for $add$hdl/synth_top.sv:77$181 into $add$hdl/synth_top.sv:77$182.
  merging $macc model for $add$hdl/synth_top.sv:77$182 into $add$hdl/synth_top.sv:77$183.
  merging $macc model for $add$hdl/synth_top.sv:77$183 into $add$hdl/synth_top.sv:77$184.
  merging $macc model for $add$hdl/synth_top.sv:77$184 into $add$hdl/synth_top.sv:77$185.
  merging $macc model for $add$hdl/synth_top.sv:77$185 into $add$hdl/synth_top.sv:77$186.
  merging $macc model for $add$hdl/synth_top.sv:77$186 into $add$hdl/synth_top.sv:77$187.
  merging $macc model for $add$hdl/synth_top.sv:77$187 into $add$hdl/synth_top.sv:77$188.
  merging $macc model for $add$hdl/synth_top.sv:77$188 into $add$hdl/synth_top.sv:77$189.
  merging $macc model for $add$hdl/synth_top.sv:77$189 into $add$hdl/synth_top.sv:77$190.
  merging $macc model for $add$hdl/synth_top.sv:77$190 into $add$hdl/synth_top.sv:77$191.
  merging $macc model for $add$hdl/synth_top.sv:77$191 into $add$hdl/synth_top.sv:77$192.
  merging $macc model for $add$hdl/synth_top.sv:77$192 into $add$hdl/synth_top.sv:77$193.
  merging $macc model for $add$hdl/synth_top.sv:77$193 into $add$hdl/synth_top.sv:77$194.
  merging $macc model for $add$hdl/synth_top.sv:77$194 into $add$hdl/synth_top.sv:77$195.
  merging $macc model for $add$hdl/synth_top.sv:77$195 into $add$hdl/synth_top.sv:77$196.
  merging $macc model for $add$hdl/synth_top.sv:77$196 into $add$hdl/synth_top.sv:77$197.
  merging $macc model for $add$hdl/synth_top.sv:77$197 into $add$hdl/synth_top.sv:77$198.
  merging $macc model for $add$hdl/synth_top.sv:77$198 into $add$hdl/synth_top.sv:77$199.
  merging $macc model for $add$hdl/synth_top.sv:77$199 into $add$hdl/synth_top.sv:77$200.
  merging $macc model for $add$hdl/synth_top.sv:77$200 into $add$hdl/synth_top.sv:77$201.
  merging $macc model for $add$hdl/synth_top.sv:77$201 into $add$hdl/synth_top.sv:77$202.
  merging $macc model for $add$hdl/synth_top.sv:77$202 into $add$hdl/synth_top.sv:77$203.
  merging $macc model for $add$hdl/synth_top.sv:77$203 into $add$hdl/synth_top.sv:77$204.
  merging $macc model for $add$hdl/synth_top.sv:77$204 into $add$hdl/synth_top.sv:77$205.
  merging $macc model for $add$hdl/synth_top.sv:77$205 into $add$hdl/synth_top.sv:77$206.
  merging $macc model for $add$hdl/synth_top.sv:77$206 into $add$hdl/synth_top.sv:77$207.
  merging $macc model for $add$hdl/synth_top.sv:77$207 into $add$hdl/synth_top.sv:77$208.
  merging $macc model for $add$hdl/synth_top.sv:77$208 into $add$hdl/synth_top.sv:77$209.
  merging $macc model for $add$hdl/synth_top.sv:77$209 into $add$hdl/synth_top.sv:77$210.
  merging $macc model for $add$hdl/synth_top.sv:77$210 into $add$hdl/synth_top.sv:77$211.
  merging $macc model for $add$hdl/synth_top.sv:77$211 into $add$hdl/synth_top.sv:77$212.
  merging $macc model for $add$hdl/synth_top.sv:77$212 into $add$hdl/synth_top.sv:77$213.
  merging $macc model for $add$hdl/synth_top.sv:77$213 into $add$hdl/synth_top.sv:77$214.
  merging $macc model for $add$hdl/synth_top.sv:77$214 into $add$hdl/synth_top.sv:77$215.
  merging $macc model for $add$hdl/synth_top.sv:77$215 into $add$hdl/synth_top.sv:77$216.
  merging $macc model for $add$hdl/synth_top.sv:77$216 into $add$hdl/synth_top.sv:77$217.
  merging $macc model for $add$hdl/synth_top.sv:77$217 into $add$hdl/synth_top.sv:77$218.
  merging $macc model for $add$hdl/synth_top.sv:77$218 into $add$hdl/synth_top.sv:77$219.
  merging $macc model for $add$hdl/synth_top.sv:77$219 into $add$hdl/synth_top.sv:77$220.
  merging $macc model for $add$hdl/synth_top.sv:77$220 into $add$hdl/synth_top.sv:77$221.
  merging $macc model for $add$hdl/synth_top.sv:77$221 into $add$hdl/synth_top.sv:77$222.
  merging $macc model for $add$hdl/synth_top.sv:77$222 into $add$hdl/synth_top.sv:77$223.
  merging $macc model for $add$hdl/synth_top.sv:77$223 into $add$hdl/synth_top.sv:77$224.
  merging $macc model for $add$hdl/synth_top.sv:77$224 into $add$hdl/synth_top.sv:77$225.
  merging $macc model for $add$hdl/synth_top.sv:77$225 into $add$hdl/synth_top.sv:77$226.
  merging $macc model for $add$hdl/synth_top.sv:77$226 into $add$hdl/synth_top.sv:77$227.
  merging $macc model for $add$hdl/synth_top.sv:77$227 into $add$hdl/synth_top.sv:77$228.
  merging $macc model for $add$hdl/synth_top.sv:77$228 into $add$hdl/synth_top.sv:77$229.
  merging $macc model for $add$hdl/synth_top.sv:77$229 into $add$hdl/synth_top.sv:77$230.
  merging $macc model for $add$hdl/synth_top.sv:77$230 into $add$hdl/synth_top.sv:77$231.
  merging $macc model for $add$hdl/synth_top.sv:77$231 into $add$hdl/synth_top.sv:77$232.
  merging $macc model for $add$hdl/synth_top.sv:77$232 into $add$hdl/synth_top.sv:77$233.
  merging $macc model for $add$hdl/synth_top.sv:77$233 into $add$hdl/synth_top.sv:77$234.
  merging $macc model for $add$hdl/synth_top.sv:77$234 into $add$hdl/synth_top.sv:77$235.
  merging $macc model for $add$hdl/synth_top.sv:77$235 into $add$hdl/synth_top.sv:77$236.
  merging $macc model for $add$hdl/synth_top.sv:77$236 into $add$hdl/synth_top.sv:77$237.
  merging $macc model for $add$hdl/synth_top.sv:77$237 into $add$hdl/synth_top.sv:77$238.
  merging $macc model for $add$hdl/synth_top.sv:77$238 into $add$hdl/synth_top.sv:77$239.
  merging $macc model for $add$hdl/synth_top.sv:77$239 into $add$hdl/synth_top.sv:77$240.
  merging $macc model for $add$hdl/synth_top.sv:77$240 into $add$hdl/synth_top.sv:77$241.
  merging $macc model for $add$hdl/synth_top.sv:77$241 into $add$hdl/synth_top.sv:77$242.
  merging $macc model for $add$hdl/synth_top.sv:77$242 into $add$hdl/synth_top.sv:77$243.
  merging $macc model for $add$hdl/synth_top.sv:77$243 into $add$hdl/synth_top.sv:77$244.
  merging $macc model for $add$hdl/synth_top.sv:77$244 into $add$hdl/synth_top.sv:77$245.
  merging $macc model for $add$hdl/synth_top.sv:77$245 into $add$hdl/synth_top.sv:77$246.
  merging $macc model for $add$hdl/synth_top.sv:77$246 into $add$hdl/synth_top.sv:77$247.
  merging $macc model for $add$hdl/synth_top.sv:77$247 into $add$hdl/synth_top.sv:77$248.
  merging $macc model for $add$hdl/synth_top.sv:77$248 into $add$hdl/synth_top.sv:77$249.
  merging $macc model for $add$hdl/synth_top.sv:77$249 into $add$hdl/synth_top.sv:77$250.
  merging $macc model for $add$hdl/synth_top.sv:77$250 into $add$hdl/synth_top.sv:77$251.
  merging $macc model for $add$hdl/synth_top.sv:77$251 into $add$hdl/synth_top.sv:77$252.
  merging $macc model for $add$hdl/synth_top.sv:77$252 into $add$hdl/synth_top.sv:77$253.
  merging $macc model for $add$hdl/synth_top.sv:77$253 into $add$hdl/synth_top.sv:77$254.
  merging $macc model for $add$hdl/synth_top.sv:77$254 into $add$hdl/synth_top.sv:77$255.
  merging $macc model for $add$hdl/synth_top.sv:77$255 into $add$hdl/synth_top.sv:77$256.
  merging $macc model for $add$hdl/synth_top.sv:77$256 into $add$hdl/synth_top.sv:77$257.
  merging $macc model for $add$hdl/synth_top.sv:77$257 into $add$hdl/synth_top.sv:77$258.
  merging $macc model for $add$hdl/synth_top.sv:77$258 into $add$hdl/synth_top.sv:77$259.
  merging $macc model for $add$hdl/synth_top.sv:77$259 into $add$hdl/synth_top.sv:77$260.
  merging $macc model for $add$hdl/synth_top.sv:77$260 into $add$hdl/synth_top.sv:77$261.
  merging $macc model for $add$hdl/synth_top.sv:77$261 into $add$hdl/synth_top.sv:77$262.
  merging $macc model for $sub$hdl/synth_top.sv:81$264 into $add$hdl/synth_top.sv:90$267.
  creating $macc cell for $add$hdl/synth_top.sv:77$262: $auto$alumacc.cc:382:replace_macc$288
  creating $macc cell for $add$hdl/synth_top.sv:90$267: $auto$alumacc.cc:382:replace_macc$289
  created 0 $alu and 2 $macc cells.

3.14. Executing SHARE pass (SAT-based resource sharing).

3.15. Executing OPT pass (performing simple optimizations).

3.15.1. Executing OPT_EXPR pass (perform const folding).
Optimizing module compute_core.

3.15.2. Executing OPT_MERGE pass (detect identical cells).
Finding identical cells in module `\compute_core'.
Computing hashes of 261 cells of `\compute_core'.
Finding duplicate cells in `\compute_core'.
Removed a total of 0 cells.

3.15.3. Executing OPT_MUXTREE pass (detect dead branches in mux trees).
Running muxtree optimizer on module \compute_core..
  Creating internal representation of mux trees.
  No muxes found in this module.
Removed 0 multiplexer ports.

3.15.4. Executing OPT_REDUCE pass (consolidate $*mux and $reduce_* inputs).
  Optimizing cells in module \compute_core.
Performed a total of 0 changes.

3.15.5. Executing OPT_MERGE pass (detect identical cells).
Finding identical cells in module `\compute_core'.
Computing hashes of 261 cells of `\compute_core'.
Finding duplicate cells in `\compute_core'.
Removed a total of 0 cells.

3.15.6. Executing OPT_DFF pass (perform DFF optimizations).

3.15.7. Executing OPT_CLEAN pass (remove unused cells and wires).
Finding unused cells or wires in module \compute_core..
Removed 255 unused cells and 254 unused wires.
<suppressed ~256 debug messages>

3.15.8. Executing OPT_EXPR pass (perform const folding).
Optimizing module compute_core.

3.15.9. Rerunning OPT passes. (Maybe there is more to do..)

3.15.10. Executing OPT_MUXTREE pass (detect dead branches in mux trees).
Running muxtree optimizer on module \compute_core..
  Creating internal representation of mux trees.
  No muxes found in this module.
Removed 0 multiplexer ports.

3.15.11. Executing OPT_REDUCE pass (consolidate $*mux and $reduce_* inputs).
  Optimizing cells in module \compute_core.
Performed a total of 0 changes.

3.15.12. Executing OPT_MERGE pass (detect identical cells).
Finding identical cells in module `\compute_core'.
Computing hashes of 6 cells of `\compute_core'.
Finding duplicate cells in `\compute_core'.
Removed a total of 0 cells.

3.15.13. Executing OPT_DFF pass (perform DFF optimizations).

3.15.14. Executing OPT_CLEAN pass (remove unused cells and wires).
Finding unused cells or wires in module \compute_core..

3.15.15. Executing OPT_EXPR pass (perform const folding).
Optimizing module compute_core.

3.15.16. Finished fast OPT passes. (There is nothing left to do.)

3.16. Executing MEMORY pass.

3.16.1. Executing OPT_MEM pass (optimize memories).
Performed a total of 0 transformations.

3.16.2. Executing OPT_MEM_PRIORITY pass (removing unnecessary memory write priority relations).
Performed a total of 0 transformations.

3.16.3. Executing OPT_MEM_FEEDBACK pass (finding memory read-to-write feedback paths).

3.16.4. Executing MEMORY_BMUX2ROM pass (converting muxes to ROMs).

3.16.5. Executing MEMORY_DFF pass (merging $dff cells to $memrd).

3.16.6. Executing OPT_CLEAN pass (remove unused cells and wires).
Finding unused cells or wires in module \compute_core..

3.16.7. Executing MEMORY_SHARE pass (consolidating $memrd/$memwr cells).

3.16.8. Executing OPT_MEM_WIDEN pass (optimize memories where all ports are wide).
Performed a total of 0 transformations.

3.16.9. Executing OPT_CLEAN pass (remove unused cells and wires).
Finding unused cells or wires in module \compute_core..

3.16.10. Executing MEMORY_COLLECT pass (generating $mem cells).

3.17. Executing OPT_CLEAN pass (remove unused cells and wires).
Finding unused cells or wires in module \compute_core..

3.18. Executing OPT pass (performing simple optimizations).

3.18.1. Executing OPT_EXPR pass (perform const folding).
Optimizing module compute_core.
<suppressed ~4 debug messages>

3.18.2. Executing OPT_MERGE pass (detect identical cells).
Finding identical cells in module `\compute_core'.
Computing hashes of 6 cells of `\compute_core'.
Finding duplicate cells in `\compute_core'.
Removed a total of 0 cells.

3.18.3. Executing OPT_DFF pass (perform DFF optimizations).

3.18.4. Executing OPT_CLEAN pass (remove unused cells and wires).
Finding unused cells or wires in module \compute_core..

3.18.5. Finished fast OPT passes.

3.19. Executing MEMORY_MAP pass (converting memories to logic and flip-flops).

3.20. Executing OPT pass (performing simple optimizations).

3.20.1. Executing OPT_EXPR pass (perform const folding).
Optimizing module compute_core.

3.20.2. Executing OPT_MERGE pass (detect identical cells).
Finding identical cells in module `\compute_core'.
Computing hashes of 6 cells of `\compute_core'.
Finding duplicate cells in `\compute_core'.
Removed a total of 0 cells.

3.20.3. Executing OPT_MUXTREE pass (detect dead branches in mux trees).
Running muxtree optimizer on module \compute_core..
  Creating internal representation of mux trees.
  No muxes found in this module.
Removed 0 multiplexer ports.

3.20.4. Executing OPT_REDUCE pass (consolidate $*mux and $reduce_* inputs).
  Optimizing cells in module \compute_core.
Performed a total of 0 changes.

3.20.5. Executing OPT_MERGE pass (detect identical cells).
Finding identical cells in module `\compute_core'.
Computing hashes of 6 cells of `\compute_core'.
Finding duplicate cells in `\compute_core'.
Removed a total of 0 cells.

3.20.6. Executing OPT_SHARE pass.

3.20.7. Executing OPT_DFF pass (perform DFF optimizations).

3.20.8. Executing OPT_CLEAN pass (remove unused cells and wires).
Finding unused cells or wires in module \compute_core..

3.20.9. Executing OPT_EXPR pass (perform const folding).
Optimizing module compute_core.

3.20.10. Finished fast OPT passes. (There is nothing left to do.)

3.21. Executing TECHMAP pass (map to technology primitives).

3.21.1. Executing Verilog-2005 frontend: /opt/homebrew/bin/../share/yosys/techmap.v
Parsing Verilog input from `/opt/homebrew/bin/../share/yosys/techmap.v' to AST representation.
Generating RTLIL representation for module `\_90_simplemap_bool_ops'.
Generating RTLIL representation for module `\_90_simplemap_reduce_ops'.
Generating RTLIL representation for module `\_90_simplemap_logic_ops'.
Generating RTLIL representation for module `\_90_simplemap_compare_ops'.
Generating RTLIL representation for module `\_90_simplemap_various'.
Generating RTLIL representation for module `\_90_simplemap_registers'.
Generating RTLIL representation for module `\_90_shift_ops_shr_shl_sshl_sshr'.
Generating RTLIL representation for module `\_90_shift_shiftx'.
Generating RTLIL representation for module `\_90_fa'.
Generating RTLIL representation for module `\_90_lcu_brent_kung'.
Generating RTLIL representation for module `\_90_alu'.
Generating RTLIL representation for module `\_90_macc'.
Generating RTLIL representation for module `\_90_alumacc'.
Generating RTLIL representation for module `$__div_mod_u'.
Generating RTLIL representation for module `$__div_mod_trunc'.
Generating RTLIL representation for module `\_90_div'.
Generating RTLIL representation for module `\_90_mod'.
Generating RTLIL representation for module `$__div_mod_floor'.
Generating RTLIL representation for module `\_90_divfloor'.
Generating RTLIL representation for module `\_90_modfloor'.
Generating RTLIL representation for module `\_90_pow'.
Generating RTLIL representation for module `\_90_pmux'.
Generating RTLIL representation for module `\_90_demux'.
Generating RTLIL representation for module `\_90_lut'.
Generating RTLIL representation for module `$connect'.
Generating RTLIL representation for module `$input_port'.
Successfully finished Verilog frontend.

3.21.2. Continuing TECHMAP pass.
Using extmapper maccmap for cells of type $macc_v2.
  add \accum_out (32 bits, signed)
  add { \popcount 1'0 } (10 bits, signed)
  add 32'11111111111111111111111100000000 (32 bits, unsigned)
  add \xnor_bits [0] (1 bits, unsigned)
  add \xnor_bits [255] (1 bits, unsigned)
  add \xnor_bits [254] (1 bits, unsigned)
  add \xnor_bits [253] (1 bits, unsigned)
  add \xnor_bits [252] (1 bits, unsigned)
  add \xnor_bits [251] (1 bits, unsigned)
  add \xnor_bits [250] (1 bits, unsigned)
  add \xnor_bits [249] (1 bits, unsigned)
  add \xnor_bits [248] (1 bits, unsigned)
  add \xnor_bits [247] (1 bits, unsigned)
  add \xnor_bits [246] (1 bits, unsigned)
  add \xnor_bits [245] (1 bits, unsigned)
  add \xnor_bits [244] (1 bits, unsigned)
  add \xnor_bits [243] (1 bits, unsigned)
  add \xnor_bits [242] (1 bits, unsigned)
  add \xnor_bits [241] (1 bits, unsigned)
  add \xnor_bits [240] (1 bits, unsigned)
  add \xnor_bits [239] (1 bits, unsigned)
  add \xnor_bits [238] (1 bits, unsigned)
  add \xnor_bits [237] (1 bits, unsigned)
  add \xnor_bits [236] (1 bits, unsigned)
  add \xnor_bits [235] (1 bits, unsigned)
  add \xnor_bits [234] (1 bits, unsigned)
  add \xnor_bits [233] (1 bits, unsigned)
  add \xnor_bits [232] (1 bits, unsigned)
  add \xnor_bits [231] (1 bits, unsigned)
  add \xnor_bits [230] (1 bits, unsigned)
  add \xnor_bits [229] (1 bits, unsigned)
  add \xnor_bits [228] (1 bits, unsigned)
  add \xnor_bits [227] (1 bits, unsigned)
  add \xnor_bits [226] (1 bits, unsigned)
  add \xnor_bits [225] (1 bits, unsigned)
  add \xnor_bits [224] (1 bits, unsigned)
  add \xnor_bits [223] (1 bits, unsigned)
  add \xnor_bits [222] (1 bits, unsigned)
  add \xnor_bits [221] (1 bits, unsigned)
  add \xnor_bits [220] (1 bits, unsigned)
  add \xnor_bits [219] (1 bits, unsigned)
  add \xnor_bits [218] (1 bits, unsigned)
  add \xnor_bits [217] (1 bits, unsigned)
  add \xnor_bits [216] (1 bits, unsigned)
  add \xnor_bits [215] (1 bits, unsigned)
  add \xnor_bits [214] (1 bits, unsigned)
  add \xnor_bits [213] (1 bits, unsigned)
  add \xnor_bits [212] (1 bits, unsigned)
  add \xnor_bits [211] (1 bits, unsigned)
  add \xnor_bits [210] (1 bits, unsigned)
  add \xnor_bits [209] (1 bits, unsigned)
  add \xnor_bits [208] (1 bits, unsigned)
  add \xnor_bits [207] (1 bits, unsigned)
  add \xnor_bits [206] (1 bits, unsigned)
  add \xnor_bits [205] (1 bits, unsigned)
  add \xnor_bits [204] (1 bits, unsigned)
  add \xnor_bits [203] (1 bits, unsigned)
  add \xnor_bits [202] (1 bits, unsigned)
  add \xnor_bits [201] (1 bits, unsigned)
  add \xnor_bits [200] (1 bits, unsigned)
  add \xnor_bits [199] (1 bits, unsigned)
  add \xnor_bits [198] (1 bits, unsigned)
  add \xnor_bits [197] (1 bits, unsigned)
  add \xnor_bits [196] (1 bits, unsigned)
  add \xnor_bits [195] (1 bits, unsigned)
  add \xnor_bits [194] (1 bits, unsigned)
  add \xnor_bits [193] (1 bits, unsigned)
  add \xnor_bits [192] (1 bits, unsigned)
  add \xnor_bits [191] (1 bits, unsigned)
  add \xnor_bits [190] (1 bits, unsigned)
  add \xnor_bits [189] (1 bits, unsigned)
  add \xnor_bits [188] (1 bits, unsigned)
  add \xnor_bits [187] (1 bits, unsigned)
  add \xnor_bits [186] (1 bits, unsigned)
  add \xnor_bits [185] (1 bits, unsigned)
  add \xnor_bits [184] (1 bits, unsigned)
  add \xnor_bits [183] (1 bits, unsigned)
  add \xnor_bits [182] (1 bits, unsigned)
  add \xnor_bits [181] (1 bits, unsigned)
  add \xnor_bits [180] (1 bits, unsigned)
  add \xnor_bits [179] (1 bits, unsigned)
  add \xnor_bits [178] (1 bits, unsigned)
  add \xnor_bits [177] (1 bits, unsigned)
  add \xnor_bits [176] (1 bits, unsigned)
  add \xnor_bits [175] (1 bits, unsigned)
  add \xnor_bits [174] (1 bits, unsigned)
  add \xnor_bits [173] (1 bits, unsigned)
  add \xnor_bits [172] (1 bits, unsigned)
  add \xnor_bits [171] (1 bits, unsigned)
  add \xnor_bits [170] (1 bits, unsigned)
  add \xnor_bits [169] (1 bits, unsigned)
  add \xnor_bits [168] (1 bits, unsigned)
  add \xnor_bits [167] (1 bits, unsigned)
  add \xnor_bits [166] (1 bits, unsigned)
  add \xnor_bits [165] (1 bits, unsigned)
  add \xnor_bits [164] (1 bits, unsigned)
  add \xnor_bits [163] (1 bits, unsigned)
  add \xnor_bits [162] (1 bits, unsigned)
  add \xnor_bits [161] (1 bits, unsigned)
  add \xnor_bits [160] (1 bits, unsigned)
  add \xnor_bits [159] (1 bits, unsigned)
  add \xnor_bits [158] (1 bits, unsigned)
  add \xnor_bits [157] (1 bits, unsigned)
  add \xnor_bits [156] (1 bits, unsigned)
  add \xnor_bits [155] (1 bits, unsigned)
  add \xnor_bits [154] (1 bits, unsigned)
  add \xnor_bits [153] (1 bits, unsigned)
  add \xnor_bits [152] (1 bits, unsigned)
  add \xnor_bits [151] (1 bits, unsigned)
  add \xnor_bits [150] (1 bits, unsigned)
  add \xnor_bits [149] (1 bits, unsigned)
  add \xnor_bits [148] (1 bits, unsigned)
  add \xnor_bits [147] (1 bits, unsigned)
  add \xnor_bits [146] (1 bits, unsigned)
  add \xnor_bits [145] (1 bits, unsigned)
  add \xnor_bits [144] (1 bits, unsigned)
  add \xnor_bits [143] (1 bits, unsigned)
  add \xnor_bits [142] (1 bits, unsigned)
  add \xnor_bits [141] (1 bits, unsigned)
  add \xnor_bits [140] (1 bits, unsigned)
  add \xnor_bits [139] (1 bits, unsigned)
  add \xnor_bits [138] (1 bits, unsigned)
  add \xnor_bits [137] (1 bits, unsigned)
  add \xnor_bits [136] (1 bits, unsigned)
  add \xnor_bits [135] (1 bits, unsigned)
  add \xnor_bits [134] (1 bits, unsigned)
  add \xnor_bits [133] (1 bits, unsigned)
  add \xnor_bits [132] (1 bits, unsigned)
  add \xnor_bits [131] (1 bits, unsigned)
  add \xnor_bits [130] (1 bits, unsigned)
  add \xnor_bits [129] (1 bits, unsigned)
  add \xnor_bits [128] (1 bits, unsigned)
  add \xnor_bits [127] (1 bits, unsigned)
  add \xnor_bits [126] (1 bits, unsigned)
  add \xnor_bits [125] (1 bits, unsigned)
  add \xnor_bits [124] (1 bits, unsigned)
  add \xnor_bits [123] (1 bits, unsigned)
  add \xnor_bits [122] (1 bits, unsigned)
  add \xnor_bits [121] (1 bits, unsigned)
  add \xnor_bits [120] (1 bits, unsigned)
  add \xnor_bits [119] (1 bits, unsigned)
  add \xnor_bits [118] (1 bits, unsigned)
  add \xnor_bits [117] (1 bits, unsigned)
  add \xnor_bits [116] (1 bits, unsigned)
  add \xnor_bits [115] (1 bits, unsigned)
  add \xnor_bits [114] (1 bits, unsigned)
  add \xnor_bits [113] (1 bits, unsigned)
  add \xnor_bits [112] (1 bits, unsigned)
  add \xnor_bits [111] (1 bits, unsigned)
  add \xnor_bits [110] (1 bits, unsigned)
  add \xnor_bits [109] (1 bits, unsigned)
  add \xnor_bits [108] (1 bits, unsigned)
  add \xnor_bits [107] (1 bits, unsigned)
  add \xnor_bits [106] (1 bits, unsigned)
  add \xnor_bits [105] (1 bits, unsigned)
  add \xnor_bits [104] (1 bits, unsigned)
  add \xnor_bits [103] (1 bits, unsigned)
  add \xnor_bits [102] (1 bits, unsigned)
  add \xnor_bits [101] (1 bits, unsigned)
  add \xnor_bits [100] (1 bits, unsigned)
  add \xnor_bits [99] (1 bits, unsigned)
  add \xnor_bits [98] (1 bits, unsigned)
  add \xnor_bits [97] (1 bits, unsigned)
  add \xnor_bits [96] (1 bits, unsigned)
  add \xnor_bits [95] (1 bits, unsigned)
  add \xnor_bits [94] (1 bits, unsigned)
  add \xnor_bits [93] (1 bits, unsigned)
  add \xnor_bits [92] (1 bits, unsigned)
  add \xnor_bits [91] (1 bits, unsigned)
  add \xnor_bits [90] (1 bits, unsigned)
  add \xnor_bits [89] (1 bits, unsigned)
  add \xnor_bits [88] (1 bits, unsigned)
  add \xnor_bits [87] (1 bits, unsigned)
  add \xnor_bits [86] (1 bits, unsigned)
  add \xnor_bits [85] (1 bits, unsigned)
  add \xnor_bits [84] (1 bits, unsigned)
  add \xnor_bits [83] (1 bits, unsigned)
  add \xnor_bits [82] (1 bits, unsigned)
  add \xnor_bits [81] (1 bits, unsigned)
  add \xnor_bits [80] (1 bits, unsigned)
  add \xnor_bits [79] (1 bits, unsigned)
  add \xnor_bits [78] (1 bits, unsigned)
  add \xnor_bits [77] (1 bits, unsigned)
  add \xnor_bits [76] (1 bits, unsigned)
  add \xnor_bits [75] (1 bits, unsigned)
  add \xnor_bits [74] (1 bits, unsigned)
  add \xnor_bits [73] (1 bits, unsigned)
  add \xnor_bits [72] (1 bits, unsigned)
  add \xnor_bits [71] (1 bits, unsigned)
  add \xnor_bits [70] (1 bits, unsigned)
  add \xnor_bits [69] (1 bits, unsigned)
  add \xnor_bits [68] (1 bits, unsigned)
  add \xnor_bits [67] (1 bits, unsigned)
  add \xnor_bits [66] (1 bits, unsigned)
  add \xnor_bits [65] (1 bits, unsigned)
  add \xnor_bits [64] (1 bits, unsigned)
  add \xnor_bits [63] (1 bits, unsigned)
  add \xnor_bits [62] (1 bits, unsigned)
  add \xnor_bits [61] (1 bits, unsigned)
  add \xnor_bits [60] (1 bits, unsigned)
  add \xnor_bits [59] (1 bits, unsigned)
  add \xnor_bits [58] (1 bits, unsigned)
  add \xnor_bits [57] (1 bits, unsigned)
  add \xnor_bits [56] (1 bits, unsigned)
  add \xnor_bits [55] (1 bits, unsigned)
  add \xnor_bits [54] (1 bits, unsigned)
  add \xnor_bits [53] (1 bits, unsigned)
  add \xnor_bits [52] (1 bits, unsigned)
  add \xnor_bits [51] (1 bits, unsigned)
  add \xnor_bits [50] (1 bits, unsigned)
  add \xnor_bits [49] (1 bits, unsigned)
  add \xnor_bits [48] (1 bits, unsigned)
  add \xnor_bits [47] (1 bits, unsigned)
  add \xnor_bits [46] (1 bits, unsigned)
  add \xnor_bits [45] (1 bits, unsigned)
  add \xnor_bits [44] (1 bits, unsigned)
  add \xnor_bits [43] (1 bits, unsigned)
  add \xnor_bits [42] (1 bits, unsigned)
  add \xnor_bits [41] (1 bits, unsigned)
  add \xnor_bits [40] (1 bits, unsigned)
  add \xnor_bits [39] (1 bits, unsigned)
  add \xnor_bits [38] (1 bits, unsigned)
  add \xnor_bits [37] (1 bits, unsigned)
  add \xnor_bits [36] (1 bits, unsigned)
  add \xnor_bits [35] (1 bits, unsigned)
  add \xnor_bits [34] (1 bits, unsigned)
  add \xnor_bits [33] (1 bits, unsigned)
  add \xnor_bits [32] (1 bits, unsigned)
  add \xnor_bits [31] (1 bits, unsigned)
  add \xnor_bits [30] (1 bits, unsigned)
  add \xnor_bits [29] (1 bits, unsigned)
  add \xnor_bits [28] (1 bits, unsigned)
  add \xnor_bits [27] (1 bits, unsigned)
  add \xnor_bits [26] (1 bits, unsigned)
  add \xnor_bits [25] (1 bits, unsigned)
  add \xnor_bits [24] (1 bits, unsigned)
  add \xnor_bits [23] (1 bits, unsigned)
  add \xnor_bits [22] (1 bits, unsigned)
  add \xnor_bits [21] (1 bits, unsigned)
  add \xnor_bits [20] (1 bits, unsigned)
  add \xnor_bits [19] (1 bits, unsigned)
  add \xnor_bits [18] (1 bits, unsigned)
  add \xnor_bits [17] (1 bits, unsigned)
  add \xnor_bits [16] (1 bits, unsigned)
  add \xnor_bits [15] (1 bits, unsigned)
  add \xnor_bits [14] (1 bits, unsigned)
  add \xnor_bits [13] (1 bits, unsigned)
  add \xnor_bits [12] (1 bits, unsigned)
  add \xnor_bits [11] (1 bits, unsigned)
  add \xnor_bits [10] (1 bits, unsigned)
  add \xnor_bits [9] (1 bits, unsigned)
  add \xnor_bits [8] (1 bits, unsigned)
  add \xnor_bits [7] (1 bits, unsigned)
  add \xnor_bits [6] (1 bits, unsigned)
  add \xnor_bits [5] (1 bits, unsigned)
  add \xnor_bits [4] (1 bits, unsigned)
  add \xnor_bits [3] (1 bits, unsigned)
  add \xnor_bits [2] (1 bits, unsigned)
  add \xnor_bits [1] (1 bits, unsigned)
  packed 127 (127) bits / 127 words into adder tree
Using extmapper simplemap for cells of type $sdffe.
Using extmapper simplemap for cells of type $reduce_or.
Using extmapper simplemap for cells of type $xor.
Using extmapper simplemap for cells of type $not.
Using template $paramod\_90_fa\WIDTH=32'00000000000000000000000000000001 for cells of type $fa.
Using template $paramod\_90_fa\WIDTH=32'00000000000000000000000000000010 for cells of type $fa.
Using template $paramod\_90_fa\WIDTH=32'00000000000000000000000000000011 for cells of type $fa.
Using template $paramod\_90_fa\WIDTH=32'00000000000000000000000000000100 for cells of type $fa.
Using template $paramod\_90_fa\WIDTH=32'00000000000000000000000000000101 for cells of type $fa.
Using template $paramod\_90_fa\WIDTH=32'00000000000000000000000000000110 for cells of type $fa.
Using template $paramod\_90_fa\WIDTH=32'00000000000000000000000000000111 for cells of type $fa.
Using template $paramod\_90_fa\WIDTH=32'00000000000000000000000000001000 for cells of type $fa.
Using template $paramod\_90_fa\WIDTH=32'00000000000000000000000000001001 for cells of type $fa.
Using template $paramod$d2fa05d38998afabc6d4f34471305d0af4b8b2df\_90_alu for cells of type $alu.
Using template $paramod\_90_fa\WIDTH=32'00000000000000000000000000100000 for cells of type $fa.
Using template $paramod$fbc7873bff55778c0b3173955b7e4bce1d9d6834\_90_alu for cells of type $alu.
Using extmapper simplemap for cells of type $or.
Using extmapper simplemap for cells of type $and.
Using template $paramod\_90_lcu_brent_kung\WIDTH=32'00000000000000000000000000001001 for cells of type $lcu.
Using extmapper simplemap for cells of type $pos.
Using extmapper simplemap for cells of type $mux.
Using template $paramod\_90_lcu_brent_kung\WIDTH=32'00000000000000000000000000100000 for cells of type $lcu.
No more expansions possible.
<suppressed ~1452 debug messages>

3.22. Executing OPT pass (performing simple optimizations).

3.22.1. Executing OPT_EXPR pass (perform const folding).
Optimizing module compute_core.
<suppressed ~825 debug messages>

3.22.2. Executing OPT_MERGE pass (detect identical cells).
Finding identical cells in module `\compute_core'.
Computing hashes of 2226 cells of `\compute_core'.
Finding duplicate cells in `\compute_core'.
Removed a total of 0 cells.

3.22.3. Executing OPT_DFF pass (perform DFF optimizations).

3.22.4. Executing OPT_CLEAN pass (remove unused cells and wires).
Finding unused cells or wires in module \compute_core..
Removed 55 unused cells and 1404 unused wires.
<suppressed ~56 debug messages>

3.22.5. Finished fast OPT passes.

3.23. Executing ABC pass (technology mapping using ABC).

3.23.1. Extracting gate netlist of module `\compute_core' to `<abc-temp-dir>/input.blif'..

3.23.1.1. Executed ABC.
Extracted 2139 gates and 2684 wires to a netlist network with 545 inputs and 32 outputs.
Running ABC script: <abc-temp-dir>/abc.script
ABC: ======== ABC command line "source <abc-temp-dir>/abc.script"
ABC: + read_blif <abc-temp-dir>/input.blif 
ABC: + read_library <abc-temp-dir>/stdcells.genlib 
ABC: + strash 
ABC: + &get -n 
ABC: + &fraig -x 
ABC: + &put 
ABC: + scorr 
ABC: Warning: The network is combinational (run "fraig" or "fraig_sweep").
ABC: + dc2 
ABC: + dretime 
ABC: + strash 
ABC: + &get -n 
ABC: + &dch -f 
ABC: + &nf 
ABC: + &put 
ABC: + write_blif <abc-temp-dir>/output.blif 

3.23.1.2. Re-integrating ABC results.
ABC RESULTS:               AND cells:       78
ABC RESULTS:            ANDNOT cells:       12
ABC RESULTS:               MUX cells:        9
ABC RESULTS:              NAND cells:      830
ABC RESULTS:               NOR cells:       23
ABC RESULTS:               NOT cells:        2
ABC RESULTS:                OR cells:       27
ABC RESULTS:             ORNOT cells:        6
ABC RESULTS:              XNOR cells:      285
ABC RESULTS:               XOR cells:      536
ABC RESULTS:        internal signals:     2107
ABC RESULTS:           input signals:      545
ABC RESULTS:          output signals:       32
Removing temp directory.
Removing global temp directory.

3.24. Executing OPT pass (performing simple optimizations).

3.24.1. Executing OPT_EXPR pass (perform const folding).
Optimizing module compute_core.

3.24.2. Executing OPT_MERGE pass (detect identical cells).
Finding identical cells in module `\compute_core'.
Computing hashes of 1840 cells of `\compute_core'.
Finding duplicate cells in `\compute_core'.
Removed a total of 0 cells.

3.24.3. Executing OPT_DFF pass (perform DFF optimizations).
Handling D = Q on $auto$ff.cc:337:slice$757 ($_SDFFE_PP0P_) from module compute_core (conecting SRST instead).
Setting constant 0-bit at position 0 on $auto$ff.cc:337:slice$757 ($_DFFE_PP_) from module compute_core.

3.24.4. Executing OPT_CLEAN pass (remove unused cells and wires).
Finding unused cells or wires in module \compute_core..
Removed 0 unused cells and 1334 unused wires.
<suppressed ~3 debug messages>

3.24.5. Rerunning OPT passes. (Removed registers in this run.)

3.24.6. Executing OPT_EXPR pass (perform const folding).
Optimizing module compute_core.

3.24.7. Executing OPT_MERGE pass (detect identical cells).
Finding identical cells in module `\compute_core'.
Computing hashes of 1839 cells of `\compute_core'.
Finding duplicate cells in `\compute_core'.
Removed a total of 0 cells.

3.24.8. Executing OPT_DFF pass (perform DFF optimizations).

3.24.9. Executing OPT_CLEAN pass (remove unused cells and wires).
Finding unused cells or wires in module \compute_core..

3.24.10. Finished fast OPT passes.

3.25. Executing HIERARCHY pass (managing design hierarchy).
Attribute `top' found on module `compute_core'. Setting top module to compute_core.

3.25.1. Analyzing design hierarchy..
Top module:  \compute_core

3.25.2. Analyzing design hierarchy..
Top module:  \compute_core
Removed 0 unused modules.

3.26. Printing statistics.

=== compute_core ===

        +----------Local Count, excluding submodules.
        | 
     1789 wires
     2454 wire bits
        9 public wires
      581 public wire bits
        8 ports
      549 port bits
     1839 cells
       12   $_ANDNOT_
       78   $_AND_
        9   $_MUX_
      830   $_NAND_
       23   $_NOR_
        2   $_NOT_
        6   $_ORNOT_
       27   $_OR_
       31   $_SDFFE_PP0P_
      285   $_XNOR_
      536   $_XOR_

3.27. Executing CHECK pass (checking for obvious problems).
Checking module compute_core...
Found and reported 0 problems.

4. Executing DFFLIBMAP pass (mapping DFF cells to sequential cells from liberty file).
  cell sky130_fd_sc_hd__dfxtp_1 (noninv, pins=3, area=20.02) is a direct match for cell type $_DFF_P_.
  cell sky130_fd_sc_hd__dfrtn_1 (noninv, pins=4, area=25.02) is a direct match for cell type $_DFF_NN0_.
  cell sky130_fd_sc_hd__dfrtp_1 (noninv, pins=4, area=25.02) is a direct match for cell type $_DFF_PN0_.
  cell sky130_fd_sc_hd__dfstp_2 (noninv, pins=4, area=26.28) is a direct match for cell type $_DFF_PN1_.
  cell sky130_fd_sc_hd__edfxtp_1 (noninv, pins=4, area=30.03) is a direct match for cell type $_DFFE_PP_.
  cell sky130_fd_sc_hd__dfbbn_1 (noninv, pins=6, area=32.53) is a direct match for cell type $_DFFSR_NNN_.
  cell sky130_fd_sc_hd__dfbbp_1 (noninv, pins=6, area=32.53) is a direct match for cell type $_DFFSR_PNN_.
  final dff cell mappings:
    unmapped dff cell: $_DFF_N_
    \sky130_fd_sc_hd__dfxtp_1 _DFF_P_ (.CLK( C), .D( D), .Q( Q));
    \sky130_fd_sc_hd__dfrtn_1 _DFF_NN0_ (.CLK_N( C), .D( D), .Q( Q), .RESET_B( R));
    unmapped dff cell: $_DFF_NN1_
    unmapped dff cell: $_DFF_NP0_
    unmapped dff cell: $_DFF_NP1_
    \sky130_fd_sc_hd__dfrtp_1 _DFF_PN0_ (.CLK( C), .D( D), .Q( Q), .RESET_B( R));
    \sky130_fd_sc_hd__dfstp_2 _DFF_PN1_ (.CLK( C), .D( D), .Q( Q), .SET_B( R));
    unmapped dff cell: $_DFF_PP0_
    unmapped dff cell: $_DFF_PP1_
    unmapped dff cell: $_DFFE_NN_
    unmapped dff cell: $_DFFE_NP_
    unmapped dff cell: $_DFFE_PN_
    \sky130_fd_sc_hd__edfxtp_1 _DFFE_PP_ (.CLK( C), .D( D), .DE( E), .Q( Q));
    \sky130_fd_sc_hd__dfbbn_1 _DFFSR_NNN_ (.CLK_N( C), .D( D), .Q( Q), .Q_N(~Q), .RESET_B( R), .SET_B( S));
    unmapped dff cell: $_DFFSR_NNP_
    unmapped dff cell: $_DFFSR_NPN_
    unmapped dff cell: $_DFFSR_NPP_
    \sky130_fd_sc_hd__dfbbp_1 _DFFSR_PNN_ (.CLK( C), .D( D), .Q( Q), .Q_N(~Q), .RESET_B( R), .SET_B( S));
    unmapped dff cell: $_DFFSR_PNP_
    unmapped dff cell: $_DFFSR_PPN_
    unmapped dff cell: $_DFFSR_PPP_

4.1. Executing DFFLEGALIZE pass (convert FFs to types supported by the target).
<suppressed ~24 debug messages>
Mapping DFF cells in module `\compute_core':
  mapped 31 $_DFF_P_ cells to \sky130_fd_sc_hd__dfxtp_1 cells.

5. Executing ABC pass (technology mapping using ABC).

5.1. Extracting gate netlist of module `\compute_core' to `<abc-temp-dir>/input.blif'..

5.1.1. Executed ABC.
Extracted 1870 gates and 2417 wires to a netlist network with 546 inputs and 31 outputs.
Running ABC script: <abc-temp-dir>/abc.script
ABC: ======== ABC command line "source <abc-temp-dir>/abc.script"
ABC: + read_blif <abc-temp-dir>/input.blif 
ABC: + read_lib -w /Users/rebeccagilbert-croysdale/.volare/volare/sky130/versions/0fe599b2afb6708d281543108caf8310912f54af/sky130A/libs.ref/sky130_fd_sc_hd/lib/sky130_fd_sc_hd__tt_025C_1v80.lib 
ABC: Parsing finished successfully.  Parsing time =     0.04 sec
ABC: Scl_LibertyReadGenlib() skipped cell "sky130_fd_sc_hd__decap_12" without logic function.
ABC: Scl_LibertyReadGenlib() skipped cell "sky130_fd_sc_hd__decap_3" without logic function.
ABC: Scl_LibertyReadGenlib() skipped cell "sky130_fd_sc_hd__decap_4" without logic function.
ABC: Scl_LibertyReadGenlib() skipped cell "sky130_fd_sc_hd__decap_6" without logic function.
ABC: Scl_LibertyReadGenlib() skipped cell "sky130_fd_sc_hd__decap_8" without logic function.
ABC: Scl_LibertyReadGenlib() skipped sequential cell "sky130_fd_sc_hd__dfbbn_1".
ABC: Scl_LibertyReadGenlib() skipped sequential cell "sky130_fd_sc_hd__dfbbn_2".
ABC: Scl_LibertyReadGenlib() skipped sequential cell "sky130_fd_sc_hd__dfbbp_1".
ABC: Scl_LibertyReadGenlib() skipped sequential cell "sky130_fd_sc_hd__dfrbp_1".
ABC: Scl_LibertyReadGenlib() skipped sequential cell "sky130_fd_sc_hd__dfrbp_2".
ABC: Scl_LibertyReadGenlib() skipped sequential cell "sky130_fd_sc_hd__dfrtn_1".
ABC: Scl_LibertyReadGenlib() skipped sequential cell "sky130_fd_sc_hd__dfrtp_1".
ABC: Scl_LibertyReadGenlib() skipped sequential cell "sky130_fd_sc_hd__dfrtp_2".
ABC: Scl_LibertyReadGenlib() skipped sequential cell "sky130_fd_sc_hd__dfrtp_4".
ABC: Scl_LibertyReadGenlib() skipped sequential cell "sky130_fd_sc_hd__dfsbp_1".
ABC: Scl_LibertyReadGenlib() skipped sequential cell "sky130_fd_sc_hd__dfsbp_2".
ABC: Scl_LibertyReadGenlib() skipped sequential cell "sky130_fd_sc_hd__dfstp_1".
ABC: Scl_LibertyReadGenlib() skipped sequential cell "sky130_fd_sc_hd__dfstp_2".
ABC: Scl_LibertyReadGenlib() skipped sequential cell "sky130_fd_sc_hd__dfstp_4".
ABC: Scl_LibertyReadGenlib() skipped sequential cell "sky130_fd_sc_hd__dfxbp_1".
ABC: Scl_LibertyReadGenlib() skipped sequential cell "sky130_fd_sc_hd__dfxbp_2".
ABC: Scl_LibertyReadGenlib() skipped sequential cell "sky130_fd_sc_hd__dfxtp_1".
ABC: Scl_LibertyReadGenlib() skipped sequential cell "sky130_fd_sc_hd__dfxtp_2".
ABC: Scl_LibertyReadGenlib() skipped sequential cell "sky130_fd_sc_hd__dfxtp_4".
ABC: Scl_LibertyReadGenlib() skipped cell "sky130_fd_sc_hd__diode_2" without logic function.
ABC: Scl_LibertyReadGenlib() skipped cell "sky130_fd_sc_hd__dlclkp_1" without logic function.
ABC: Scl_LibertyReadGenlib() skipped cell "sky130_fd_sc_hd__dlclkp_2" without logic function.
ABC: Scl_LibertyReadGenlib() skipped cell "sky130_fd_sc_hd__dlclkp_4" without logic function.
ABC: Scl_LibertyReadGenlib() skipped sequential cell "sky130_fd_sc_hd__dlrbn_1".
ABC: Scl_LibertyReadGenlib() skipped sequential cell "sky130_fd_sc_hd__dlrbn_2".
ABC: Scl_LibertyReadGenlib() skipped sequential cell "sky130_fd_sc_hd__dlrbp_1".
ABC: Scl_LibertyReadGenlib() skipped sequential cell "sky130_fd_sc_hd__dlrbp_2".
ABC: Scl_LibertyReadGenlib() skipped sequential cell "sky130_fd_sc_hd__dlrtn_1".
ABC: Scl_LibertyReadGenlib() skipped sequential cell "sky130_fd_sc_hd__dlrtn_2".
ABC: Scl_LibertyReadGenlib() skipped sequential cell "sky130_fd_sc_hd__dlrtn_4".
ABC: Scl_LibertyReadGenlib() skipped sequential cell "sky130_fd_sc_hd__dlrtp_1".
ABC: Scl_LibertyReadGenlib() skipped sequential cell "sky130_fd_sc_hd__dlrtp_2".
ABC: Scl_LibertyReadGenlib() skipped sequential cell "sky130_fd_sc_hd__dlrtp_4".
ABC: Scl_LibertyReadGenlib() skipped sequential cell "sky130_fd_sc_hd__dlxbn_1".
ABC: Scl_LibertyReadGenlib() skipped sequential cell "sky130_fd_sc_hd__dlxbn_2".
ABC: Scl_LibertyReadGenlib() skipped sequential cell "sky130_fd_sc_hd__dlxbp_1".
ABC: Scl_LibertyReadGenlib() skipped sequential cell "sky130_fd_sc_hd__dlxtn_1".
ABC: Scl_LibertyReadGenlib() skipped sequential cell "sky130_fd_sc_hd__dlxtn_2".
ABC: Scl_LibertyReadGenlib() skipped sequential cell "sky130_fd_sc_hd__dlxtn_4".
ABC: Scl_LibertyReadGenlib() skipped sequential cell "sky130_fd_sc_hd__dlxtp_1".
ABC: Scl_LibertyReadGenlib() skipped three-state cell "sky130_fd_sc_hd__ebufn_1".
ABC: Scl_LibertyReadGenlib() skipped three-state cell "sky130_fd_sc_hd__ebufn_2".
ABC: Scl_LibertyReadGenlib() skipped three-state cell "sky130_fd_sc_hd__ebufn_4".
ABC: Scl_LibertyReadGenlib() skipped three-state cell "sky130_fd_sc_hd__ebufn_8".
ABC: Scl_LibertyReadGenlib() skipped sequential cell "sky130_fd_sc_hd__edfxbp_1".
ABC: Scl_LibertyReadGenlib() skipped sequential cell "sky130_fd_sc_hd__edfxtp_1".
ABC: Scl_LibertyReadGenlib() skipped three-state cell "sky130_fd_sc_hd__einvn_0".
ABC: Scl_LibertyReadGenlib() skipped three-state cell "sky130_fd_sc_hd__einvn_1".
ABC: Scl_LibertyReadGenlib() skipped three-state cell "sky130_fd_sc_hd__einvn_2".
ABC: Scl_LibertyReadGenlib() skipped three-state cell "sky130_fd_sc_hd__einvn_4".
ABC: Scl_LibertyReadGenlib() skipped three-state cell "sky130_fd_sc_hd__einvn_8".
ABC: Scl_LibertyReadGenlib() skipped three-state cell "sky130_fd_sc_hd__einvp_1".
ABC: Scl_LibertyReadGenlib() skipped three-state cell "sky130_fd_sc_hd__einvp_2".
ABC: Scl_LibertyReadGenlib() skipped three-state cell "sky130_fd_sc_hd__einvp_4".
ABC: Scl_LibertyReadGenlib() skipped three-state cell "sky130_fd_sc_hd__einvp_8".
ABC: Scl_LibertyReadGenlib() skipped cell "sky130_fd_sc_hd__lpflow_bleeder_1" without logic function.
ABC: Scl_LibertyReadGenlib() skipped cell "sky130_fd_sc_hd__lpflow_decapkapwr_12" without logic function.
ABC: Scl_LibertyReadGenlib() skipped cell "sky130_fd_sc_hd__lpflow_decapkapwr_3" without logic function.
ABC: Scl_LibertyReadGenlib() skipped cell "sky130_fd_sc_hd__lpflow_decapkapwr_4" without logic function.
ABC: Scl_LibertyReadGenlib() skipped cell "sky130_fd_sc_hd__lpflow_decapkapwr_6" without logic function.
ABC: Scl_LibertyReadGenlib() skipped cell "sky130_fd_sc_hd__lpflow_decapkapwr_8" without logic function.
ABC: Scl_LibertyReadGenlib() skipped sequential cell "sky130_fd_sc_hd__lpflow_inputisolatch_1".
ABC: Scl_LibertyReadGenlib() skipped sequential cell "sky130_fd_sc_hd__sdfbbn_1".
ABC: Scl_LibertyReadGenlib() skipped sequential cell "sky130_fd_sc_hd__sdfbbn_2".
ABC: Scl_LibertyReadGenlib() skipped sequential cell "sky130_fd_sc_hd__sdfbbp_1".
ABC: Scl_LibertyReadGenlib() skipped sequential cell "sky130_fd_sc_hd__sdfrbp_1".
ABC: Scl_LibertyReadGenlib() skipped sequential cell "sky130_fd_sc_hd__sdfrbp_2".
ABC: Scl_LibertyReadGenlib() skipped sequential cell "sky130_fd_sc_hd__sdfrtn_1".
ABC: Scl_LibertyReadGenlib() skipped sequential cell "sky130_fd_sc_hd__sdfrtp_1".
ABC: Scl_LibertyReadGenlib() skipped sequential cell "sky130_fd_sc_hd__sdfrtp_2".
ABC: Scl_LibertyReadGenlib() skipped sequential cell "sky130_fd_sc_hd__sdfrtp_4".
ABC: Scl_LibertyReadGenlib() skipped sequential cell "sky130_fd_sc_hd__sdfsbp_1".
ABC: Scl_LibertyReadGenlib() skipped sequential cell "sky130_fd_sc_hd__sdfsbp_2".
ABC: Scl_LibertyReadGenlib() skipped sequential cell "sky130_fd_sc_hd__sdfstp_1".
ABC: Scl_LibertyReadGenlib() skipped sequential cell "sky130_fd_sc_hd__sdfstp_2".
ABC: Scl_LibertyReadGenlib() skipped sequential cell "sky130_fd_sc_hd__sdfstp_4".
ABC: Scl_LibertyReadGenlib() skipped sequential cell "sky130_fd_sc_hd__sdfxbp_1".
ABC: Scl_LibertyReadGenlib() skipped sequential cell "sky130_fd_sc_hd__sdfxbp_2".
ABC: Scl_LibertyReadGenlib() skipped sequential cell "sky130_fd_sc_hd__sdfxtp_1".
ABC: Scl_LibertyReadGenlib() skipped sequential cell "sky130_fd_sc_hd__sdfxtp_2".
ABC: Scl_LibertyReadGenlib() skipped sequential cell "sky130_fd_sc_hd__sdfxtp_4".
ABC: Scl_LibertyReadGenlib() skipped cell "sky130_fd_sc_hd__sdlclkp_1" without logic function.
ABC: Scl_LibertyReadGenlib() skipped cell "sky130_fd_sc_hd__sdlclkp_2" without logic function.
ABC: Scl_LibertyReadGenlib() skipped cell "sky130_fd_sc_hd__sdlclkp_4" without logic function.
ABC: Scl_LibertyReadGenlib() skipped sequential cell "sky130_fd_sc_hd__sedfxbp_1".
ABC: Scl_LibertyReadGenlib() skipped sequential cell "sky130_fd_sc_hd__sedfxbp_2".
ABC: Scl_LibertyReadGenlib() skipped sequential cell "sky130_fd_sc_hd__sedfxtp_1".
ABC: Scl_LibertyReadGenlib() skipped sequential cell "sky130_fd_sc_hd__sedfxtp_2".
ABC: Scl_LibertyReadGenlib() skipped sequential cell "sky130_fd_sc_hd__sedfxtp_4".
ABC: Library "sky130_fd_sc_hd__tt_025C_1v80" from "/Users/rebeccagilbert-croysdale/.volare/volare/sky130/versions/0fe599b2afb6708d281543108caf8310912f54af/sky130A/libs.ref/sky130_fd_sc_hd/lib/sky130_fd_sc_hd__tt_025C_1v80.lib" has 334 cells (94 skipped: 63 seq; 13 tri-state; 18 no func; 0 dont_use; 0 with 2 outputs; 0 with 3+ outputs).  Time =     0.05 sec
ABC: Memory =   19.85 MB. Time =     0.05 sec
ABC: Warning: Detected 9 multi-output cells (for example, "sky130_fd_sc_hd__fa_1").
ABC: + strash 
ABC: + &get -n 
ABC: + &fraig -x 
ABC: + &put 
ABC: + scorr 
ABC: Warning: The network is combinational (run "fraig" or "fraig_sweep").
ABC: + dc2 
ABC: + dretime 
ABC: + retime -o -D 3333 
ABC: + strash 
ABC: + &get -n 
ABC: + &dch -f 
ABC: + &nf -D 3333 
ABC: + &put 
ABC: + write_blif <abc-temp-dir>/output.blif 

5.1.2. Re-integrating ABC results.
ABC RESULTS:   sky130_fd_sc_hd__a211oi_1 cells:        4
ABC RESULTS:   sky130_fd_sc_hd__a21bo_1 cells:        4
ABC RESULTS:   sky130_fd_sc_hd__a21boi_0 cells:        4
ABC RESULTS:   sky130_fd_sc_hd__a21o_1 cells:        9
ABC RESULTS:   sky130_fd_sc_hd__a21oi_1 cells:       56
ABC RESULTS:   sky130_fd_sc_hd__a22oi_1 cells:        1
ABC RESULTS:   sky130_fd_sc_hd__a2bb2oi_1 cells:        1
ABC RESULTS:   sky130_fd_sc_hd__a31oi_1 cells:        3
ABC RESULTS:   sky130_fd_sc_hd__and2_0 cells:       16
ABC RESULTS:   sky130_fd_sc_hd__and3_1 cells:        6
ABC RESULTS:   sky130_fd_sc_hd__clkinv_1 cells:       64
ABC RESULTS:   sky130_fd_sc_hd__lpflow_inputiso1p_1 cells:       13
ABC RESULTS:   sky130_fd_sc_hd__lpflow_isobufsrc_1 cells:       17
ABC RESULTS:   sky130_fd_sc_hd__maj3_1 cells:      221
ABC RESULTS:   sky130_fd_sc_hd__mux2i_1 cells:        2
ABC RESULTS:   sky130_fd_sc_hd__nand2_1 cells:       61
ABC RESULTS:   sky130_fd_sc_hd__nand2b_1 cells:       10
ABC RESULTS:   sky130_fd_sc_hd__nand3_1 cells:        6
ABC RESULTS:   sky130_fd_sc_hd__nand3b_1 cells:        1
ABC RESULTS:   sky130_fd_sc_hd__nand4bb_1 cells:        1
ABC RESULTS:   sky130_fd_sc_hd__nor2_1 cells:       53
ABC RESULTS:   sky130_fd_sc_hd__nor2b_1 cells:        4
ABC RESULTS:   sky130_fd_sc_hd__nor3_1 cells:       13
ABC RESULTS:   sky130_fd_sc_hd__nor3b_1 cells:        1
ABC RESULTS:   sky130_fd_sc_hd__nor4_1 cells:        1
ABC RESULTS:   sky130_fd_sc_hd__o211a_1 cells:        4
ABC RESULTS:   sky130_fd_sc_hd__o211ai_1 cells:        3
ABC RESULTS:   sky130_fd_sc_hd__o21a_1 cells:        6
ABC RESULTS:   sky130_fd_sc_hd__o21ai_0 cells:       39
ABC RESULTS:   sky130_fd_sc_hd__o21ba_1 cells:        1
ABC RESULTS:   sky130_fd_sc_hd__o22a_1 cells:        1
ABC RESULTS:   sky130_fd_sc_hd__o22ai_1 cells:        3
ABC RESULTS:   sky130_fd_sc_hd__o2bb2ai_1 cells:        1
ABC RESULTS:   sky130_fd_sc_hd__o311ai_0 cells:        1
ABC RESULTS:   sky130_fd_sc_hd__o31a_1 cells:        1
ABC RESULTS:   sky130_fd_sc_hd__o31ai_1 cells:        1
ABC RESULTS:   sky130_fd_sc_hd__or3_1 cells:        4
ABC RESULTS:   sky130_fd_sc_hd__or4_1 cells:        3
ABC RESULTS:   sky130_fd_sc_hd__xnor2_1 cells:       88
ABC RESULTS:   sky130_fd_sc_hd__xnor3_1 cells:      119
ABC RESULTS:   sky130_fd_sc_hd__xor2_1 cells:      297
ABC RESULTS:   sky130_fd_sc_hd__xor3_1 cells:       98
ABC RESULTS:        internal signals:     1840
ABC RESULTS:           input signals:      546
ABC RESULTS:          output signals:       31
Removing temp directory.
Removing global temp directory.
Removed 0 unused cells and 2388 unused wires.

6. Printing statistics.

=== compute_core ===

        +----------Local Count, excluding submodules.
        |        +-Local Area, excluding submodules.
        |        | 
     1251        - wires
     1823        - wire bits
        9        - public wires
      581        - public wire bits
        8        - ports
      549        - port bits
     1273 1.33E+04 cells
        4   30.029   sky130_fd_sc_hd__a211oi_1
        4   40.038   sky130_fd_sc_hd__a21bo_1
        4   30.029   sky130_fd_sc_hd__a21boi_0
        9   67.565   sky130_fd_sc_hd__a21o_1
       56  280.269   sky130_fd_sc_hd__a21oi_1
        1    7.507   sky130_fd_sc_hd__a22oi_1
        1    8.758   sky130_fd_sc_hd__a2bb2oi_1
        3   18.768   sky130_fd_sc_hd__a31oi_1
       16  100.096   sky130_fd_sc_hd__and2_0
        6   37.536   sky130_fd_sc_hd__and3_1
       64   240.23   sky130_fd_sc_hd__clkinv_1
       31  620.595   sky130_fd_sc_hd__dfxtp_1
       13   81.328   sky130_fd_sc_hd__lpflow_inputiso1p_1
       17  106.352   sky130_fd_sc_hd__lpflow_isobufsrc_1
      221 2.21E+03   sky130_fd_sc_hd__maj3_1
        2   20.019   sky130_fd_sc_hd__mux2i_1
       61   228.97   sky130_fd_sc_hd__nand2_1
       10    62.56   sky130_fd_sc_hd__nand2b_1
        6   30.029   sky130_fd_sc_hd__nand3_1
        1    7.507   sky130_fd_sc_hd__nand3b_1
        1   11.261   sky130_fd_sc_hd__nand4bb_1
       53  198.941   sky130_fd_sc_hd__nor2_1
        4   25.024   sky130_fd_sc_hd__nor2b_1
       13   65.062   sky130_fd_sc_hd__nor3_1
        1    7.507   sky130_fd_sc_hd__nor3b_1
        1    6.256   sky130_fd_sc_hd__nor4_1
        4   40.038   sky130_fd_sc_hd__o211a_1
        3   22.522   sky130_fd_sc_hd__o211ai_1
        6   45.043   sky130_fd_sc_hd__o21a_1
       39  195.187   sky130_fd_sc_hd__o21ai_0
        1    10.01   sky130_fd_sc_hd__o21ba_1
        1    8.758   sky130_fd_sc_hd__o22a_1
        3   18.768   sky130_fd_sc_hd__o22ai_1
        1    8.758   sky130_fd_sc_hd__o2bb2ai_1
        1    8.758   sky130_fd_sc_hd__o311ai_0
        1    8.758   sky130_fd_sc_hd__o31a_1
        1    7.507   sky130_fd_sc_hd__o31ai_1
        4   25.024   sky130_fd_sc_hd__or3_1
        3   22.522   sky130_fd_sc_hd__or4_1
       88  770.739   sky130_fd_sc_hd__xnor2_1
      119  2680.07   sky130_fd_sc_hd__xnor3_1
      297  2.6E+03   sky130_fd_sc_hd__xor2_1
       98 2.33E+03   sky130_fd_sc_hd__xor3_1

   Chip area for module '\compute_core': 13347.801600
     of which used for sequential elements: 620.595200 (4.65%)

7. Executing Verilog backend.

7.1. Executing BMUXMAP pass.

7.2. Executing DEMUXMAP pass.
Dumping module `\compute_core'.

8. Executing JSON backend.

9. Printing statistics.

=== compute_core ===

        +----------Local Count, excluding submodules.
        |        +-Local Area, excluding submodules.
        |        | 
     1251        - wires
     1823        - wire bits
        9        - public wires
      581        - public wire bits
        8        - ports
      549        - port bits
     1273 1.33E+04 cells
        4   30.029   sky130_fd_sc_hd__a211oi_1
        4   40.038   sky130_fd_sc_hd__a21bo_1
        4   30.029   sky130_fd_sc_hd__a21boi_0
        9   67.565   sky130_fd_sc_hd__a21o_1
       56  280.269   sky130_fd_sc_hd__a21oi_1
        1    7.507   sky130_fd_sc_hd__a22oi_1
        1    8.758   sky130_fd_sc_hd__a2bb2oi_1
        3   18.768   sky130_fd_sc_hd__a31oi_1
       16  100.096   sky130_fd_sc_hd__and2_0
        6   37.536   sky130_fd_sc_hd__and3_1
       64   240.23   sky130_fd_sc_hd__clkinv_1
       31  620.595   sky130_fd_sc_hd__dfxtp_1
       13   81.328   sky130_fd_sc_hd__lpflow_inputiso1p_1
       17  106.352   sky130_fd_sc_hd__lpflow_isobufsrc_1
      221 2.21E+03   sky130_fd_sc_hd__maj3_1
        2   20.019   sky130_fd_sc_hd__mux2i_1
       61   228.97   sky130_fd_sc_hd__nand2_1
       10    62.56   sky130_fd_sc_hd__nand2b_1
        6   30.029   sky130_fd_sc_hd__nand3_1
        1    7.507   sky130_fd_sc_hd__nand3b_1
        1   11.261   sky130_fd_sc_hd__nand4bb_1
       53  198.941   sky130_fd_sc_hd__nor2_1
        4   25.024   sky130_fd_sc_hd__nor2b_1
       13   65.062   sky130_fd_sc_hd__nor3_1
        1    7.507   sky130_fd_sc_hd__nor3b_1
        1    6.256   sky130_fd_sc_hd__nor4_1
        4   40.038   sky130_fd_sc_hd__o211a_1
        3   22.522   sky130_fd_sc_hd__o211ai_1
        6   45.043   sky130_fd_sc_hd__o21a_1
       39  195.187   sky130_fd_sc_hd__o21ai_0
        1    10.01   sky130_fd_sc_hd__o21ba_1
        1    8.758   sky130_fd_sc_hd__o22a_1
        3   18.768   sky130_fd_sc_hd__o22ai_1
        1    8.758   sky130_fd_sc_hd__o2bb2ai_1
        1    8.758   sky130_fd_sc_hd__o311ai_0
        1    8.758   sky130_fd_sc_hd__o31a_1
        1    7.507   sky130_fd_sc_hd__o31ai_1
        4   25.024   sky130_fd_sc_hd__or3_1
        3   22.522   sky130_fd_sc_hd__or4_1
       88  770.739   sky130_fd_sc_hd__xnor2_1
      119  2680.07   sky130_fd_sc_hd__xnor3_1
      297  2.6E+03   sky130_fd_sc_hd__xor2_1
       98 2.33E+03   sky130_fd_sc_hd__xor3_1

   Chip area for module '\compute_core': 13347.801600
     of which used for sequential elements: 620.595200 (4.65%)

End of script. Logfile hash: abef3ae1e5, time: 1.20s, user: 0.25s, system: 0.04s, MEM: 62.73 MB peak
Yosys 0.64 (git sha1 d8dab5b32666564eca8e18f412973853ce006e61, clang++ 21.0.0 -fPIC -O3)
Time spent: 69% 2x abc (0 sec), 6% 3x stat (0 sec), ...
